2026-02-28 18:25:12,862 - INFO - ====================================================================================================
2026-02-28 18:25:12,862 - INFO - EWC BASELINE: Elastic Weight Consolidation Under Our Protocol
2026-02-28 18:25:12,862 - INFO - ====================================================================================================
2026-02-28 18:25:12,862 - INFO - Start: 2026-02-28T18:25:12.862604
2026-02-28 18:25:13,392 - INFO - 
####################################################################################################
2026-02-28 18:25:13,392 - INFO - EXPERIMENT 1/9: Lambda=100, Seed=42
2026-02-28 18:25:13,392 - INFO - ####################################################################################################
2026-02-28 18:25:13,392 - INFO - 
================================================================================
2026-02-28 18:25:13,392 - INFO - EWC Training: Lambda=100, Seed=42
2026-02-28 18:25:13,392 - INFO - Task Order: rte → mrpc → cola → sst2
2026-02-28 18:25:13,392 - INFO - ================================================================================
2026-02-28 18:25:44,723 - INFO - 
--- Training Task 1/4: rte ---
2026-02-28 18:25:49,536 - INFO -   Training samples: 2490
2026-02-28 18:26:06,467 - INFO -   Epoch 1/3: task_loss=0.6949, ewc_loss=0.0000
2026-02-28 18:26:25,004 - INFO -   Epoch 2/3: task_loss=0.6432, ewc_loss=0.0000
2026-02-28 18:26:43,413 - INFO -   Epoch 3/3: task_loss=0.5353, ewc_loss=0.0000
2026-02-28 18:26:43,415 - INFO -   Computing Fisher information for task 'rte' (500 samples)...
2026-02-28 18:26:46,761 - INFO -   Fisher computation complete. Tasks seen: ['rte']
2026-02-28 18:26:46,762 - INFO -   Evaluating on all tasks seen so far:
2026-02-28 18:26:50,597 - INFO -     rte: 0.6462 (just trained)
2026-02-28 18:26:50,612 - INFO - 
--- Training Task 2/4: mrpc ---
2026-02-28 18:26:56,657 - INFO -   Training samples: 3668
2026-02-28 18:27:37,640 - INFO -   Epoch 1/3: task_loss=0.5624, ewc_loss=0.0000
2026-02-28 18:28:23,548 - INFO -   Epoch 2/3: task_loss=0.3474, ewc_loss=0.0000
2026-02-28 18:29:03,474 - INFO -   Epoch 3/3: task_loss=0.1983, ewc_loss=0.0000
2026-02-28 18:29:03,509 - INFO -   Computing Fisher information for task 'mrpc' (500 samples)...
2026-02-28 18:29:07,705 - INFO -   Fisher computation complete. Tasks seen: ['rte', 'mrpc']
2026-02-28 18:29:07,705 - INFO -   Evaluating on all tasks seen so far:
2026-02-28 18:29:12,209 - INFO -     rte: 0.5271 (Initial: 0.6462, Forgot: 0.1191)
2026-02-28 18:29:18,585 - INFO -     mrpc: 0.8407 (just trained)
2026-02-28 18:29:18,621 - INFO - 
--- Training Task 3/4: cola ---
2026-02-28 18:29:24,310 - INFO -   Training samples: 8551
2026-02-28 18:31:27,005 - INFO -   Epoch 1/3: task_loss=0.4957, ewc_loss=0.0001
2026-02-28 18:33:24,958 - INFO -   Epoch 2/3: task_loss=0.2811, ewc_loss=0.0002
2026-02-28 18:35:26,726 - INFO -   Epoch 3/3: task_loss=0.1897, ewc_loss=0.0002
2026-02-28 18:35:26,731 - INFO -   Computing Fisher information for task 'cola' (500 samples)...
2026-02-28 18:35:30,028 - INFO -   Fisher computation complete. Tasks seen: ['rte', 'mrpc', 'cola']
2026-02-28 18:35:30,030 - INFO -   Evaluating on all tasks seen so far:
2026-02-28 18:35:33,715 - INFO -     rte: 0.4729 (Initial: 0.6462, Forgot: 0.1733)
2026-02-28 18:35:39,510 - INFO -     mrpc: 0.6838 (Initial: 0.8407, Forgot: 0.1569)
2026-02-28 18:35:54,399 - INFO -     cola: 0.8111 (just trained)
2026-02-28 18:35:54,421 - INFO - 
--- Training Task 4/4: sst2 ---
2026-02-28 18:36:00,557 - INFO -   Training samples: 2000
2026-02-28 18:36:34,620 - INFO -   Epoch 1/3: task_loss=0.4444, ewc_loss=0.0003
2026-02-28 18:37:06,182 - INFO -   Epoch 2/3: task_loss=0.1760, ewc_loss=0.0003
2026-02-28 18:37:40,240 - INFO -   Epoch 3/3: task_loss=0.0523, ewc_loss=0.0003
2026-02-28 18:37:40,241 - INFO -   Computing Fisher information for task 'sst2' (500 samples)...
2026-02-28 18:37:42,722 - INFO -   Fisher computation complete. Tasks seen: ['rte', 'mrpc', 'cola', 'sst2']
2026-02-28 18:37:42,722 - INFO -   Evaluating on all tasks seen so far:
2026-02-28 18:37:46,931 - INFO -     rte: 0.4116 (Initial: 0.6462, Forgot: 0.2347)
2026-02-28 18:37:52,519 - INFO -     mrpc: 0.7132 (Initial: 0.8407, Forgot: 0.1275)
2026-02-28 18:38:06,394 - INFO -     cola: 0.6337 (Initial: 0.8111, Forgot: 0.1774)
2026-02-28 18:38:18,079 - INFO -     sst2: 0.8647 (just trained)
2026-02-28 18:38:18,111 - INFO - 
✅ Complete: Forgetting=0.1798, Acc=0.6558
2026-02-28 18:38:18,408 - INFO - 
####################################################################################################
2026-02-28 18:38:18,408 - INFO - EXPERIMENT 2/9: Lambda=100, Seed=43
2026-02-28 18:38:18,408 - INFO - ####################################################################################################
2026-02-28 18:38:18,408 - INFO - 
================================================================================
2026-02-28 18:38:18,408 - INFO - EWC Training: Lambda=100, Seed=43
2026-02-28 18:38:18,408 - INFO - Task Order: rte → mrpc → cola → sst2
2026-02-28 18:38:18,408 - INFO - ================================================================================
2026-02-28 18:38:38,678 - INFO - 
--- Training Task 1/4: rte ---
2026-02-28 18:38:43,369 - INFO -   Training samples: 2490
2026-02-28 18:39:02,227 - INFO -   Epoch 1/3: task_loss=0.6982, ewc_loss=0.0000
2026-02-28 18:39:21,211 - INFO -   Epoch 2/3: task_loss=0.6433, ewc_loss=0.0000
2026-02-28 18:39:40,210 - INFO -   Epoch 3/3: task_loss=0.5187, ewc_loss=0.0000
2026-02-28 18:39:40,211 - INFO -   Computing Fisher information for task 'rte' (500 samples)...
2026-02-28 18:39:42,933 - INFO -   Fisher computation complete. Tasks seen: ['rte']
2026-02-28 18:39:42,934 - INFO -   Evaluating on all tasks seen so far:
2026-02-28 18:39:47,140 - INFO -     rte: 0.6101 (just trained)
2026-02-28 18:39:47,155 - INFO - 
--- Training Task 2/4: mrpc ---
2026-02-28 18:39:52,899 - INFO -   Training samples: 3668
2026-02-28 18:40:37,230 - INFO -   Epoch 1/3: task_loss=0.6058, ewc_loss=0.0000
2026-02-28 18:41:20,744 - INFO -   Epoch 2/3: task_loss=0.4182, ewc_loss=0.0000
2026-02-28 18:42:00,578 - INFO -   Epoch 3/3: task_loss=0.2459, ewc_loss=0.0000
2026-02-28 18:42:00,579 - INFO -   Computing Fisher information for task 'mrpc' (500 samples)...
2026-02-28 18:42:03,899 - INFO -   Fisher computation complete. Tasks seen: ['rte', 'mrpc']
2026-02-28 18:42:03,903 - INFO -   Evaluating on all tasks seen so far:
2026-02-28 18:42:08,639 - INFO -     rte: 0.5162 (Initial: 0.6101, Forgot: 0.0939)
2026-02-28 18:42:14,760 - INFO -     mrpc: 0.8358 (just trained)
2026-02-28 18:42:14,778 - INFO - 
--- Training Task 3/4: cola ---
2026-02-28 18:42:20,145 - INFO -   Training samples: 8551
2026-02-28 18:44:16,837 - INFO -   Epoch 1/3: task_loss=0.5089, ewc_loss=0.0001
2026-02-28 18:46:11,314 - INFO -   Epoch 2/3: task_loss=0.2967, ewc_loss=0.0002
2026-02-28 18:48:07,200 - INFO -   Epoch 3/3: task_loss=0.1890, ewc_loss=0.0002
2026-02-28 18:48:07,204 - INFO -   Computing Fisher information for task 'cola' (500 samples)...
2026-02-28 18:48:10,371 - INFO -   Fisher computation complete. Tasks seen: ['rte', 'mrpc', 'cola']
2026-02-28 18:48:10,374 - INFO -   Evaluating on all tasks seen so far:
2026-02-28 18:48:15,256 - INFO -     rte: 0.4729 (Initial: 0.6101, Forgot: 0.1372)
2026-02-28 18:48:21,053 - INFO -     mrpc: 0.6912 (Initial: 0.8358, Forgot: 0.1446)
2026-02-28 18:48:35,854 - INFO -     cola: 0.8236 (just trained)
2026-02-28 18:48:35,874 - INFO - 
--- Training Task 4/4: sst2 ---
2026-02-28 18:48:41,736 - INFO -   Training samples: 2000
2026-02-28 18:49:16,075 - INFO -   Epoch 1/3: task_loss=0.5284, ewc_loss=0.0003
2026-02-28 18:49:47,502 - INFO -   Epoch 2/3: task_loss=0.1937, ewc_loss=0.0003
2026-02-28 18:50:17,137 - INFO -   Epoch 3/3: task_loss=0.0683, ewc_loss=0.0003
2026-02-28 18:50:17,138 - INFO -   Computing Fisher information for task 'sst2' (500 samples)...
2026-02-28 18:50:19,831 - INFO -   Fisher computation complete. Tasks seen: ['rte', 'mrpc', 'cola', 'sst2']
2026-02-28 18:50:19,835 - INFO -   Evaluating on all tasks seen so far:
2026-02-28 18:50:24,088 - INFO -     rte: 0.4946 (Initial: 0.6101, Forgot: 0.1155)
2026-02-28 18:50:29,896 - INFO -     mrpc: 0.6887 (Initial: 0.8358, Forgot: 0.1471)
2026-02-28 18:50:44,524 - INFO -     cola: 0.6309 (Initial: 0.8236, Forgot: 0.1927)
2026-02-28 18:50:56,579 - INFO -     sst2: 0.8555 (just trained)
2026-02-28 18:50:56,605 - INFO - 
✅ Complete: Forgetting=0.1518, Acc=0.6674
2026-02-28 18:50:56,909 - INFO - 
####################################################################################################
2026-02-28 18:50:56,909 - INFO - EXPERIMENT 3/9: Lambda=100, Seed=44
2026-02-28 18:50:56,910 - INFO - ####################################################################################################
2026-02-28 18:50:56,910 - INFO - 
================================================================================
2026-02-28 18:50:56,910 - INFO - EWC Training: Lambda=100, Seed=44
2026-02-28 18:50:56,910 - INFO - Task Order: rte → mrpc → cola → sst2
2026-02-28 18:50:56,910 - INFO - ================================================================================
2026-02-28 18:51:16,681 - INFO - 
--- Training Task 1/4: rte ---
2026-02-28 18:51:21,442 - INFO -   Training samples: 2490
2026-02-28 18:51:39,050 - INFO -   Epoch 1/3: task_loss=0.6916, ewc_loss=0.0000
2026-02-28 18:51:57,056 - INFO -   Epoch 2/3: task_loss=0.5929, ewc_loss=0.0000
2026-02-28 18:52:15,182 - INFO -   Epoch 3/3: task_loss=0.3712, ewc_loss=0.0000
2026-02-28 18:52:15,183 - INFO -   Computing Fisher information for task 'rte' (500 samples)...
2026-02-28 18:52:18,205 - INFO -   Fisher computation complete. Tasks seen: ['rte']
2026-02-28 18:52:18,207 - INFO -   Evaluating on all tasks seen so far:
2026-02-28 18:52:22,443 - INFO -     rte: 0.6137 (just trained)
2026-02-28 18:52:22,459 - INFO - 
--- Training Task 2/4: mrpc ---
2026-02-28 18:52:27,906 - INFO -   Training samples: 3668
2026-02-28 18:53:05,878 - INFO -   Epoch 1/3: task_loss=0.5336, ewc_loss=0.0000
2026-02-28 18:53:45,576 - INFO -   Epoch 2/3: task_loss=0.3464, ewc_loss=0.0000
2026-02-28 18:54:24,099 - INFO -   Epoch 3/3: task_loss=0.2234, ewc_loss=0.0000
2026-02-28 18:54:24,100 - INFO -   Computing Fisher information for task 'mrpc' (500 samples)...
2026-02-28 18:54:27,410 - INFO -   Fisher computation complete. Tasks seen: ['rte', 'mrpc']
2026-02-28 18:54:27,413 - INFO -   Evaluating on all tasks seen so far:
2026-02-28 18:54:31,290 - INFO -     rte: 0.4982 (Initial: 0.6137, Forgot: 0.1155)
2026-02-28 18:54:36,602 - INFO -     mrpc: 0.8358 (just trained)
2026-02-28 18:54:36,619 - INFO - 
--- Training Task 3/4: cola ---
2026-02-28 18:54:42,021 - INFO -   Training samples: 8551
2026-02-28 18:56:41,203 - INFO -   Epoch 1/3: task_loss=0.4818, ewc_loss=0.0001
2026-02-28 18:58:42,279 - INFO -   Epoch 2/3: task_loss=0.2820, ewc_loss=0.0001
2026-02-28 19:00:32,485 - INFO -   Epoch 3/3: task_loss=0.1954, ewc_loss=0.0002
2026-02-28 19:00:32,487 - INFO -   Computing Fisher information for task 'cola' (500 samples)...
2026-02-28 19:00:36,064 - INFO -   Fisher computation complete. Tasks seen: ['rte', 'mrpc', 'cola']
2026-02-28 19:00:36,065 - INFO -   Evaluating on all tasks seen so far:
2026-02-28 19:00:39,988 - INFO -     rte: 0.4549 (Initial: 0.6137, Forgot: 0.1588)
2026-02-28 19:00:45,267 - INFO -     mrpc: 0.6814 (Initial: 0.8358, Forgot: 0.1544)
2026-02-28 19:00:59,001 - INFO -     cola: 0.8130 (just trained)
2026-02-28 19:00:59,022 - INFO - 
--- Training Task 4/4: sst2 ---
2026-02-28 19:01:04,982 - INFO -   Training samples: 2000
2026-02-28 19:01:37,318 - INFO -   Epoch 1/3: task_loss=0.5598, ewc_loss=0.0002
2026-02-28 19:02:11,357 - INFO -   Epoch 2/3: task_loss=0.2160, ewc_loss=0.0003
2026-02-28 19:02:47,902 - INFO -   Epoch 3/3: task_loss=0.1033, ewc_loss=0.0003
2026-02-28 19:02:47,904 - INFO -   Computing Fisher information for task 'sst2' (500 samples)...
2026-02-28 19:02:51,481 - INFO -   Fisher computation complete. Tasks seen: ['rte', 'mrpc', 'cola', 'sst2']
2026-02-28 19:02:51,485 - INFO -   Evaluating on all tasks seen so far:
2026-02-28 19:02:55,767 - INFO -     rte: 0.4765 (Initial: 0.6137, Forgot: 0.1372)
2026-02-28 19:03:01,352 - INFO -     mrpc: 0.6887 (Initial: 0.8358, Forgot: 0.1471)
2026-02-28 19:03:16,309 - INFO -     cola: 0.5983 (Initial: 0.8130, Forgot: 0.2148)
2026-02-28 19:03:28,057 - INFO -     sst2: 0.8739 (just trained)
2026-02-28 19:03:28,083 - INFO - 
✅ Complete: Forgetting=0.1663, Acc=0.6593
2026-02-28 19:03:28,389 - INFO - 
####################################################################################################
2026-02-28 19:03:28,389 - INFO - EXPERIMENT 4/9: Lambda=1000, Seed=42
2026-02-28 19:03:28,389 - INFO - ####################################################################################################
2026-02-28 19:03:28,389 - INFO - 
================================================================================
2026-02-28 19:03:28,389 - INFO - EWC Training: Lambda=1000, Seed=42
2026-02-28 19:03:28,389 - INFO - Task Order: rte → mrpc → cola → sst2
2026-02-28 19:03:28,389 - INFO - ================================================================================
2026-02-28 19:03:48,938 - INFO - 
--- Training Task 1/4: rte ---
2026-02-28 19:03:53,700 - INFO -   Training samples: 2490
2026-02-28 19:04:11,218 - INFO -   Epoch 1/3: task_loss=0.6949, ewc_loss=0.0000
2026-02-28 19:04:29,888 - INFO -   Epoch 2/3: task_loss=0.6432, ewc_loss=0.0000
2026-02-28 19:04:46,945 - INFO -   Epoch 3/3: task_loss=0.5353, ewc_loss=0.0000
2026-02-28 19:04:46,946 - INFO -   Computing Fisher information for task 'rte' (500 samples)...
2026-02-28 19:04:50,005 - INFO -   Fisher computation complete. Tasks seen: ['rte']
2026-02-28 19:04:50,008 - INFO -   Evaluating on all tasks seen so far:
2026-02-28 19:04:54,390 - INFO -     rte: 0.6462 (just trained)
2026-02-28 19:04:54,406 - INFO - 
--- Training Task 2/4: mrpc ---
2026-02-28 19:04:59,824 - INFO -   Training samples: 3668
2026-02-28 19:05:37,389 - INFO -   Epoch 1/3: task_loss=0.5636, ewc_loss=0.0001
2026-02-28 19:06:17,657 - INFO -   Epoch 2/3: task_loss=0.3535, ewc_loss=0.0003
2026-02-28 19:07:00,118 - INFO -   Epoch 3/3: task_loss=0.1914, ewc_loss=0.0005
2026-02-28 19:07:00,120 - INFO -   Computing Fisher information for task 'mrpc' (500 samples)...
2026-02-28 19:07:03,546 - INFO -   Fisher computation complete. Tasks seen: ['rte', 'mrpc']
2026-02-28 19:07:03,552 - INFO -   Evaluating on all tasks seen so far:
2026-02-28 19:07:08,066 - INFO -     rte: 0.5126 (Initial: 0.6462, Forgot: 0.1336)
2026-02-28 19:07:14,260 - INFO -     mrpc: 0.8456 (just trained)
2026-02-28 19:07:14,277 - INFO - 
--- Training Task 3/4: cola ---
2026-02-28 19:07:19,678 - INFO -   Training samples: 8551
2026-02-28 19:09:14,446 - INFO -   Epoch 1/3: task_loss=0.4973, ewc_loss=0.0009
2026-02-28 19:11:04,558 - INFO -   Epoch 2/3: task_loss=0.2812, ewc_loss=0.0015
2026-02-28 19:13:00,524 - INFO -   Epoch 3/3: task_loss=0.1870, ewc_loss=0.0021
2026-02-28 19:13:00,526 - INFO -   Computing Fisher information for task 'cola' (500 samples)...
2026-02-28 19:13:04,422 - INFO -   Fisher computation complete. Tasks seen: ['rte', 'mrpc', 'cola']
2026-02-28 19:13:04,423 - INFO -   Evaluating on all tasks seen so far:
2026-02-28 19:13:09,297 - INFO -     rte: 0.4657 (Initial: 0.6462, Forgot: 0.1805)
2026-02-28 19:13:15,382 - INFO -     mrpc: 0.6887 (Initial: 0.8456, Forgot: 0.1569)
2026-02-28 19:13:29,089 - INFO -     cola: 0.8169 (just trained)
2026-02-28 19:13:29,110 - INFO - 
--- Training Task 4/4: sst2 ---
2026-02-28 19:13:34,807 - INFO -   Training samples: 2000
2026-02-28 19:14:11,248 - INFO -   Epoch 1/3: task_loss=0.4464, ewc_loss=0.0023
2026-02-28 19:14:46,809 - INFO -   Epoch 2/3: task_loss=0.1718, ewc_loss=0.0025
2026-02-28 19:15:20,556 - INFO -   Epoch 3/3: task_loss=0.0580, ewc_loss=0.0026
2026-02-28 19:15:20,557 - INFO -   Computing Fisher information for task 'sst2' (500 samples)...
2026-02-28 19:15:23,154 - INFO -   Fisher computation complete. Tasks seen: ['rte', 'mrpc', 'cola', 'sst2']
2026-02-28 19:15:23,155 - INFO -   Evaluating on all tasks seen so far:
2026-02-28 19:15:27,192 - INFO -     rte: 0.4368 (Initial: 0.6462, Forgot: 0.2094)
2026-02-28 19:15:32,437 - INFO -     mrpc: 0.7108 (Initial: 0.8456, Forgot: 0.1348)
2026-02-28 19:15:46,457 - INFO -     cola: 0.6270 (Initial: 0.8169, Forgot: 0.1898)
2026-02-28 19:15:58,188 - INFO -     sst2: 0.8773 (just trained)
2026-02-28 19:15:58,214 - INFO - 
✅ Complete: Forgetting=0.1780, Acc=0.6630
2026-02-28 19:15:58,506 - INFO - 
####################################################################################################
2026-02-28 19:15:58,506 - INFO - EXPERIMENT 5/9: Lambda=1000, Seed=43
2026-02-28 19:15:58,507 - INFO - ####################################################################################################
2026-02-28 19:15:58,507 - INFO - 
================================================================================
2026-02-28 19:15:58,507 - INFO - EWC Training: Lambda=1000, Seed=43
2026-02-28 19:15:58,507 - INFO - Task Order: rte → mrpc → cola → sst2
2026-02-28 19:15:58,507 - INFO - ================================================================================
2026-02-28 19:16:19,160 - INFO - 
--- Training Task 1/4: rte ---
2026-02-28 19:16:23,915 - INFO -   Training samples: 2490
2026-02-28 19:16:41,354 - INFO -   Epoch 1/3: task_loss=0.6982, ewc_loss=0.0000
2026-02-28 19:17:00,357 - INFO -   Epoch 2/3: task_loss=0.6433, ewc_loss=0.0000
2026-02-28 19:17:20,163 - INFO -   Epoch 3/3: task_loss=0.5187, ewc_loss=0.0000
2026-02-28 19:17:20,164 - INFO -   Computing Fisher information for task 'rte' (500 samples)...
2026-02-28 19:17:23,430 - INFO -   Fisher computation complete. Tasks seen: ['rte']
2026-02-28 19:17:23,431 - INFO -   Evaluating on all tasks seen so far:
2026-02-28 19:17:28,051 - INFO -     rte: 0.6101 (just trained)
2026-02-28 19:17:28,067 - INFO - 
--- Training Task 2/4: mrpc ---
2026-02-28 19:17:33,441 - INFO -   Training samples: 3668
2026-02-28 19:18:12,116 - INFO -   Epoch 1/3: task_loss=0.6074, ewc_loss=0.0001
2026-02-28 19:18:53,157 - INFO -   Epoch 2/3: task_loss=0.4285, ewc_loss=0.0002
2026-02-28 19:19:32,495 - INFO -   Epoch 3/3: task_loss=0.2409, ewc_loss=0.0003
2026-02-28 19:19:32,496 - INFO -   Computing Fisher information for task 'mrpc' (500 samples)...
2026-02-28 19:19:35,916 - INFO -   Fisher computation complete. Tasks seen: ['rte', 'mrpc']
2026-02-28 19:19:35,920 - INFO -   Evaluating on all tasks seen so far:
2026-02-28 19:19:40,241 - INFO -     rte: 0.5126 (Initial: 0.6101, Forgot: 0.0975)
2026-02-28 19:19:45,844 - INFO -     mrpc: 0.8162 (just trained)
2026-02-28 19:19:45,861 - INFO - 
--- Training Task 3/4: cola ---
2026-02-28 19:19:51,157 - INFO -   Training samples: 8551
2026-02-28 19:21:59,085 - INFO -   Epoch 1/3: task_loss=0.5147, ewc_loss=0.0006
2026-02-28 19:24:05,515 - INFO -   Epoch 2/3: task_loss=0.3031, ewc_loss=0.0010
2026-02-28 19:25:55,057 - INFO -   Epoch 3/3: task_loss=0.1945, ewc_loss=0.0013
2026-02-28 19:25:55,058 - INFO -   Computing Fisher information for task 'cola' (500 samples)...
2026-02-28 19:25:57,737 - INFO -   Fisher computation complete. Tasks seen: ['rte', 'mrpc', 'cola']
2026-02-28 19:25:57,738 - INFO -   Evaluating on all tasks seen so far:
2026-02-28 19:26:01,785 - INFO -     rte: 0.4621 (Initial: 0.6101, Forgot: 0.1480)
2026-02-28 19:26:07,107 - INFO -     mrpc: 0.6838 (Initial: 0.8162, Forgot: 0.1324)
2026-02-28 19:26:20,784 - INFO -     cola: 0.8207 (just trained)
2026-02-28 19:26:20,805 - INFO - 
--- Training Task 4/4: sst2 ---
2026-02-28 19:26:26,558 - INFO -   Training samples: 2000
2026-02-28 19:26:55,516 - INFO -   Epoch 1/3: task_loss=0.5334, ewc_loss=0.0015
2026-02-28 19:27:26,134 - INFO -   Epoch 2/3: task_loss=0.1864, ewc_loss=0.0017
2026-02-28 19:27:56,994 - INFO -   Epoch 3/3: task_loss=0.0827, ewc_loss=0.0019
2026-02-28 19:27:56,995 - INFO -   Computing Fisher information for task 'sst2' (500 samples)...
2026-02-28 19:27:59,619 - INFO -   Fisher computation complete. Tasks seen: ['rte', 'mrpc', 'cola', 'sst2']
2026-02-28 19:27:59,620 - INFO -   Evaluating on all tasks seen so far:
2026-02-28 19:28:03,659 - INFO -     rte: 0.4838 (Initial: 0.6101, Forgot: 0.1264)
2026-02-28 19:28:09,251 - INFO -     mrpc: 0.7010 (Initial: 0.8162, Forgot: 0.1152)
2026-02-28 19:28:23,037 - INFO -     cola: 0.6127 (Initial: 0.8207, Forgot: 0.2081)
2026-02-28 19:28:34,654 - INFO -     sst2: 0.8796 (just trained)
2026-02-28 19:28:34,679 - INFO - 
✅ Complete: Forgetting=0.1499, Acc=0.6692
2026-02-28 19:28:34,973 - INFO - 
####################################################################################################
2026-02-28 19:28:34,974 - INFO - EXPERIMENT 6/9: Lambda=1000, Seed=44
2026-02-28 19:28:34,974 - INFO - ####################################################################################################
2026-02-28 19:28:34,974 - INFO - 
================================================================================
2026-02-28 19:28:34,974 - INFO - EWC Training: Lambda=1000, Seed=44
2026-02-28 19:28:34,974 - INFO - Task Order: rte → mrpc → cola → sst2
2026-02-28 19:28:34,974 - INFO - ================================================================================
2026-02-28 19:28:54,830 - INFO - 
--- Training Task 1/4: rte ---
2026-02-28 19:28:59,481 - INFO -   Training samples: 2490
2026-02-28 19:29:16,904 - INFO -   Epoch 1/3: task_loss=0.6916, ewc_loss=0.0000
2026-02-28 19:29:35,508 - INFO -   Epoch 2/3: task_loss=0.5929, ewc_loss=0.0000
2026-02-28 19:29:52,248 - INFO -   Epoch 3/3: task_loss=0.3712, ewc_loss=0.0000
2026-02-28 19:29:52,249 - INFO -   Computing Fisher information for task 'rte' (500 samples)...
2026-02-28 19:29:55,213 - INFO -   Fisher computation complete. Tasks seen: ['rte']
2026-02-28 19:29:55,214 - INFO -   Evaluating on all tasks seen so far:
2026-02-28 19:29:59,208 - INFO -     rte: 0.6137 (just trained)
2026-02-28 19:29:59,223 - INFO - 
--- Training Task 2/4: mrpc ---
2026-02-28 19:30:04,534 - INFO -   Training samples: 3668
2026-02-28 19:30:41,635 - INFO -   Epoch 1/3: task_loss=0.5323, ewc_loss=0.0001
2026-02-28 19:31:15,767 - INFO -   Epoch 2/3: task_loss=0.3441, ewc_loss=0.0002
2026-02-28 19:31:54,330 - INFO -   Epoch 3/3: task_loss=0.2321, ewc_loss=0.0003
2026-02-28 19:31:54,331 - INFO -   Computing Fisher information for task 'mrpc' (500 samples)...
2026-02-28 19:31:57,146 - INFO -   Fisher computation complete. Tasks seen: ['rte', 'mrpc']
2026-02-28 19:31:57,147 - INFO -   Evaluating on all tasks seen so far:
2026-02-28 19:32:01,768 - INFO -     rte: 0.4838 (Initial: 0.6137, Forgot: 0.1300)
2026-02-28 19:32:07,866 - INFO -     mrpc: 0.8162 (just trained)
2026-02-28 19:32:07,883 - INFO - 
--- Training Task 3/4: cola ---
2026-02-28 19:32:13,679 - INFO -   Training samples: 8551
2026-02-28 19:34:09,799 - INFO -   Epoch 1/3: task_loss=0.4777, ewc_loss=0.0011
2026-02-28 19:35:58,085 - INFO -   Epoch 2/3: task_loss=0.2834, ewc_loss=0.0021
2026-02-28 19:37:53,047 - INFO -   Epoch 3/3: task_loss=0.1970, ewc_loss=0.0028
2026-02-28 19:37:53,048 - INFO -   Computing Fisher information for task 'cola' (500 samples)...
2026-02-28 19:37:56,977 - INFO -   Fisher computation complete. Tasks seen: ['rte', 'mrpc', 'cola']
2026-02-28 19:37:56,980 - INFO -   Evaluating on all tasks seen so far:
2026-02-28 19:38:01,328 - INFO -     rte: 0.4621 (Initial: 0.6137, Forgot: 0.1516)
2026-02-28 19:38:07,041 - INFO -     mrpc: 0.6789 (Initial: 0.8162, Forgot: 0.1373)
2026-02-28 19:38:20,885 - INFO -     cola: 0.8121 (just trained)
2026-02-28 19:38:20,905 - INFO - 
--- Training Task 4/4: sst2 ---
2026-02-28 19:38:26,675 - INFO -   Training samples: 2000
2026-02-28 19:38:56,029 - INFO -   Epoch 1/3: task_loss=0.5241, ewc_loss=0.0032
2026-02-28 19:39:26,322 - INFO -   Epoch 2/3: task_loss=0.2102, ewc_loss=0.0036
2026-02-28 19:39:57,031 - INFO -   Epoch 3/3: task_loss=0.0781, ewc_loss=0.0037
2026-02-28 19:39:57,032 - INFO -   Computing Fisher information for task 'sst2' (500 samples)...
2026-02-28 19:39:59,850 - INFO -   Fisher computation complete. Tasks seen: ['rte', 'mrpc', 'cola', 'sst2']
2026-02-28 19:39:59,851 - INFO -   Evaluating on all tasks seen so far:
2026-02-28 19:40:04,254 - INFO -     rte: 0.4657 (Initial: 0.6137, Forgot: 0.1480)
2026-02-28 19:40:09,684 - INFO -     mrpc: 0.7108 (Initial: 0.8162, Forgot: 0.1054)
2026-02-28 19:40:23,869 - INFO -     cola: 0.5906 (Initial: 0.8121, Forgot: 0.2215)
2026-02-28 19:40:35,767 - INFO -     sst2: 0.8521 (just trained)
2026-02-28 19:40:35,793 - INFO - 
✅ Complete: Forgetting=0.1583, Acc=0.6548
2026-02-28 19:40:36,094 - INFO - 
####################################################################################################
2026-02-28 19:40:36,094 - INFO - EXPERIMENT 7/9: Lambda=5000, Seed=42
2026-02-28 19:40:36,094 - INFO - ####################################################################################################
2026-02-28 19:40:36,094 - INFO - 
================================================================================
2026-02-28 19:40:36,094 - INFO - EWC Training: Lambda=5000, Seed=42
2026-02-28 19:40:36,094 - INFO - Task Order: rte → mrpc → cola → sst2
2026-02-28 19:40:36,094 - INFO - ================================================================================
2026-02-28 19:40:56,607 - INFO - 
--- Training Task 1/4: rte ---
2026-02-28 19:41:01,431 - INFO -   Training samples: 2490
2026-02-28 19:41:19,135 - INFO -   Epoch 1/3: task_loss=0.6949, ewc_loss=0.0000
2026-02-28 19:41:36,511 - INFO -   Epoch 2/3: task_loss=0.6432, ewc_loss=0.0000
2026-02-28 19:41:55,003 - INFO -   Epoch 3/3: task_loss=0.5353, ewc_loss=0.0000
2026-02-28 19:41:55,004 - INFO -   Computing Fisher information for task 'rte' (500 samples)...
2026-02-28 19:41:58,721 - INFO -   Fisher computation complete. Tasks seen: ['rte']
2026-02-28 19:41:58,724 - INFO -   Evaluating on all tasks seen so far:
2026-02-28 19:42:03,289 - INFO -     rte: 0.6462 (just trained)
2026-02-28 19:42:03,305 - INFO - 
--- Training Task 2/4: mrpc ---
2026-02-28 19:42:08,604 - INFO -   Training samples: 3668
2026-02-28 19:42:50,912 - INFO -   Epoch 1/3: task_loss=0.5590, ewc_loss=0.0005
2026-02-28 19:43:38,189 - INFO -   Epoch 2/3: task_loss=0.3491, ewc_loss=0.0014
2026-02-28 19:44:22,048 - INFO -   Epoch 3/3: task_loss=0.1900, ewc_loss=0.0020
2026-02-28 19:44:22,053 - INFO -   Computing Fisher information for task 'mrpc' (500 samples)...
2026-02-28 19:44:25,512 - INFO -   Fisher computation complete. Tasks seen: ['rte', 'mrpc']
2026-02-28 19:44:25,516 - INFO -   Evaluating on all tasks seen so far:
2026-02-28 19:44:30,060 - INFO -     rte: 0.5199 (Initial: 0.6462, Forgot: 0.1264)
2026-02-28 19:44:35,649 - INFO -     mrpc: 0.8333 (just trained)
2026-02-28 19:44:35,666 - INFO - 
--- Training Task 3/4: cola ---
2026-02-28 19:44:41,087 - INFO -   Training samples: 8551
2026-02-28 19:46:36,382 - INFO -   Epoch 1/3: task_loss=0.5070, ewc_loss=0.0037
2026-02-28 19:48:27,772 - INFO -   Epoch 2/3: task_loss=0.2908, ewc_loss=0.0062
2026-02-28 19:50:23,596 - INFO -   Epoch 3/3: task_loss=0.1902, ewc_loss=0.0079
2026-02-28 19:50:23,598 - INFO -   Computing Fisher information for task 'cola' (500 samples)...
2026-02-28 19:50:26,331 - INFO -   Fisher computation complete. Tasks seen: ['rte', 'mrpc', 'cola']
2026-02-28 19:50:26,332 - INFO -   Evaluating on all tasks seen so far:
2026-02-28 19:50:30,433 - INFO -     rte: 0.4621 (Initial: 0.6462, Forgot: 0.1841)
2026-02-28 19:50:36,147 - INFO -     mrpc: 0.6838 (Initial: 0.8333, Forgot: 0.1495)
2026-02-28 19:50:50,309 - INFO -     cola: 0.8226 (just trained)
2026-02-28 19:50:50,330 - INFO - 
--- Training Task 4/4: sst2 ---
2026-02-28 19:50:56,050 - INFO -   Training samples: 2000
2026-02-28 19:51:27,122 - INFO -   Epoch 1/3: task_loss=0.4669, ewc_loss=0.0090
2026-02-28 19:51:59,376 - INFO -   Epoch 2/3: task_loss=0.1840, ewc_loss=0.0097
2026-02-28 19:52:32,551 - INFO -   Epoch 3/3: task_loss=0.0562, ewc_loss=0.0099
2026-02-28 19:52:32,552 - INFO -   Computing Fisher information for task 'sst2' (500 samples)...
2026-02-28 19:52:35,193 - INFO -   Fisher computation complete. Tasks seen: ['rte', 'mrpc', 'cola', 'sst2']
2026-02-28 19:52:35,194 - INFO -   Evaluating on all tasks seen so far:
2026-02-28 19:52:39,358 - INFO -     rte: 0.4693 (Initial: 0.6462, Forgot: 0.1769)
2026-02-28 19:52:44,790 - INFO -     mrpc: 0.7377 (Initial: 0.8333, Forgot: 0.0956)
2026-02-28 19:52:58,914 - INFO -     cola: 0.6884 (Initial: 0.8226, Forgot: 0.1342)
2026-02-28 19:53:10,906 - INFO -     sst2: 0.8567 (just trained)
2026-02-28 19:53:10,932 - INFO - 
✅ Complete: Forgetting=0.1356, Acc=0.6880
2026-02-28 19:53:11,238 - INFO - 
####################################################################################################
2026-02-28 19:53:11,238 - INFO - EXPERIMENT 8/9: Lambda=5000, Seed=43
2026-02-28 19:53:11,238 - INFO - ####################################################################################################
2026-02-28 19:53:11,238 - INFO - 
================================================================================
2026-02-28 19:53:11,238 - INFO - EWC Training: Lambda=5000, Seed=43
2026-02-28 19:53:11,238 - INFO - Task Order: rte → mrpc → cola → sst2
2026-02-28 19:53:11,238 - INFO - ================================================================================
2026-02-28 19:53:31,433 - INFO - 
--- Training Task 1/4: rte ---
2026-02-28 19:53:36,110 - INFO -   Training samples: 2490
2026-02-28 19:53:53,583 - INFO -   Epoch 1/3: task_loss=0.6982, ewc_loss=0.0000
2026-02-28 19:54:10,506 - INFO -   Epoch 2/3: task_loss=0.6433, ewc_loss=0.0000
2026-02-28 19:54:27,359 - INFO -   Epoch 3/3: task_loss=0.5187, ewc_loss=0.0000
2026-02-28 19:54:27,360 - INFO -   Computing Fisher information for task 'rte' (500 samples)...
2026-02-28 19:54:30,055 - INFO -   Fisher computation complete. Tasks seen: ['rte']
2026-02-28 19:54:30,056 - INFO -   Evaluating on all tasks seen so far:
2026-02-28 19:54:34,256 - INFO -     rte: 0.6101 (just trained)
2026-02-28 19:54:34,272 - INFO - 
--- Training Task 2/4: mrpc ---
2026-02-28 19:54:40,346 - INFO -   Training samples: 3668
2026-02-28 19:55:17,281 - INFO -   Epoch 1/3: task_loss=0.6086, ewc_loss=0.0004
2026-02-28 19:55:52,489 - INFO -   Epoch 2/3: task_loss=0.4284, ewc_loss=0.0010
2026-02-28 19:56:30,688 - INFO -   Epoch 3/3: task_loss=0.2440, ewc_loss=0.0015
2026-02-28 19:56:30,689 - INFO -   Computing Fisher information for task 'mrpc' (500 samples)...
2026-02-28 19:56:33,540 - INFO -   Fisher computation complete. Tasks seen: ['rte', 'mrpc']
2026-02-28 19:56:33,542 - INFO -   Evaluating on all tasks seen so far:
2026-02-28 19:56:37,763 - INFO -     rte: 0.5199 (Initial: 0.6101, Forgot: 0.0903)
2026-02-28 19:56:43,078 - INFO -     mrpc: 0.8407 (just trained)
2026-02-28 19:56:43,095 - INFO - 
--- Training Task 3/4: cola ---
2026-02-28 19:56:48,356 - INFO -   Training samples: 8551
2026-02-28 19:58:40,993 - INFO -   Epoch 1/3: task_loss=0.5150, ewc_loss=0.0025
2026-02-28 20:00:30,867 - INFO -   Epoch 2/3: task_loss=0.3014, ewc_loss=0.0040
2026-02-28 20:02:26,703 - INFO -   Epoch 3/3: task_loss=0.1886, ewc_loss=0.0051
2026-02-28 20:02:26,704 - INFO -   Computing Fisher information for task 'cola' (500 samples)...
2026-02-28 20:02:29,301 - INFO -   Fisher computation complete. Tasks seen: ['rte', 'mrpc', 'cola']
2026-02-28 20:02:29,302 - INFO -   Evaluating on all tasks seen so far:
2026-02-28 20:02:33,162 - INFO -     rte: 0.4693 (Initial: 0.6101, Forgot: 0.1408)
2026-02-28 20:02:38,705 - INFO -     mrpc: 0.6887 (Initial: 0.8407, Forgot: 0.1520)
2026-02-28 20:02:52,491 - INFO -     cola: 0.8245 (just trained)
2026-02-28 20:02:52,512 - INFO - 
--- Training Task 4/4: sst2 ---
2026-02-28 20:02:58,907 - INFO -   Training samples: 2000
2026-02-28 20:03:31,964 - INFO -   Epoch 1/3: task_loss=0.5080, ewc_loss=0.0059
2026-02-28 20:04:02,494 - INFO -   Epoch 2/3: task_loss=0.2006, ewc_loss=0.0066
2026-02-28 20:04:34,810 - INFO -   Epoch 3/3: task_loss=0.0782, ewc_loss=0.0068
2026-02-28 20:04:34,811 - INFO -   Computing Fisher information for task 'sst2' (500 samples)...
2026-02-28 20:04:37,629 - INFO -   Fisher computation complete. Tasks seen: ['rte', 'mrpc', 'cola', 'sst2']
2026-02-28 20:04:37,631 - INFO -   Evaluating on all tasks seen so far:
2026-02-28 20:04:41,837 - INFO -     rte: 0.4657 (Initial: 0.6101, Forgot: 0.1444)
2026-02-28 20:04:47,404 - INFO -     mrpc: 0.7377 (Initial: 0.8407, Forgot: 0.1029)
2026-02-28 20:05:01,112 - INFO -     cola: 0.5820 (Initial: 0.8245, Forgot: 0.2426)
2026-02-28 20:05:12,602 - INFO -     sst2: 0.8750 (just trained)
2026-02-28 20:05:12,627 - INFO - 
✅ Complete: Forgetting=0.1633, Acc=0.6651
2026-02-28 20:05:12,923 - INFO - 
####################################################################################################
2026-02-28 20:05:12,923 - INFO - EXPERIMENT 9/9: Lambda=5000, Seed=44
2026-02-28 20:05:12,923 - INFO - ####################################################################################################
2026-02-28 20:05:12,923 - INFO - 
================================================================================
2026-02-28 20:05:12,923 - INFO - EWC Training: Lambda=5000, Seed=44
2026-02-28 20:05:12,923 - INFO - Task Order: rte → mrpc → cola → sst2
2026-02-28 20:05:12,924 - INFO - ================================================================================
2026-02-28 20:05:32,909 - INFO - 
--- Training Task 1/4: rte ---
2026-02-28 20:05:37,639 - INFO -   Training samples: 2490
2026-02-28 20:05:54,737 - INFO -   Epoch 1/3: task_loss=0.6916, ewc_loss=0.0000
2026-02-28 20:06:12,388 - INFO -   Epoch 2/3: task_loss=0.5929, ewc_loss=0.0000
2026-02-28 20:06:29,823 - INFO -   Epoch 3/3: task_loss=0.3712, ewc_loss=0.0000
2026-02-28 20:06:29,824 - INFO -   Computing Fisher information for task 'rte' (500 samples)...
2026-02-28 20:06:33,252 - INFO -   Fisher computation complete. Tasks seen: ['rte']
2026-02-28 20:06:33,254 - INFO -   Evaluating on all tasks seen so far:
2026-02-28 20:06:37,671 - INFO -     rte: 0.6137 (just trained)
2026-02-28 20:06:37,687 - INFO - 
--- Training Task 2/4: mrpc ---
2026-02-28 20:06:43,032 - INFO -   Training samples: 3668
2026-02-28 20:07:23,652 - INFO -   Epoch 1/3: task_loss=0.5345, ewc_loss=0.0004
2026-02-28 20:08:01,630 - INFO -   Epoch 2/3: task_loss=0.3498, ewc_loss=0.0011
2026-02-28 20:08:40,928 - INFO -   Epoch 3/3: task_loss=0.2269, ewc_loss=0.0016
2026-02-28 20:08:40,929 - INFO -   Computing Fisher information for task 'mrpc' (500 samples)...
2026-02-28 20:08:44,376 - INFO -   Fisher computation complete. Tasks seen: ['rte', 'mrpc']
2026-02-28 20:08:44,378 - INFO -   Evaluating on all tasks seen so far:
2026-02-28 20:08:48,463 - INFO -     rte: 0.4946 (Initial: 0.6137, Forgot: 0.1191)
2026-02-28 20:08:54,073 - INFO -     mrpc: 0.8382 (just trained)
2026-02-28 20:08:54,090 - INFO - 
--- Training Task 3/4: cola ---
2026-02-28 20:08:59,399 - INFO -   Training samples: 8551
2026-02-28 20:10:54,028 - INFO -   Epoch 1/3: task_loss=0.4913, ewc_loss=0.0035
2026-02-28 20:12:52,636 - INFO -   Epoch 2/3: task_loss=0.2883, ewc_loss=0.0062
2026-02-28 20:14:55,543 - INFO -   Epoch 3/3: task_loss=0.1906, ewc_loss=0.0081
2026-02-28 20:14:55,545 - INFO -   Computing Fisher information for task 'cola' (500 samples)...
2026-02-28 20:14:58,410 - INFO -   Fisher computation complete. Tasks seen: ['rte', 'mrpc', 'cola']
2026-02-28 20:14:58,411 - INFO -   Evaluating on all tasks seen so far:
2026-02-28 20:15:03,048 - INFO -     rte: 0.4549 (Initial: 0.6137, Forgot: 0.1588)
2026-02-28 20:15:08,877 - INFO -     mrpc: 0.6838 (Initial: 0.8382, Forgot: 0.1544)
2026-02-28 20:15:23,562 - INFO -     cola: 0.8217 (just trained)
2026-02-28 20:15:23,583 - INFO - 
--- Training Task 4/4: sst2 ---
2026-02-28 20:15:29,837 - INFO -   Training samples: 2000
2026-02-28 20:16:01,494 - INFO -   Epoch 1/3: task_loss=0.5398, ewc_loss=0.0098
2026-02-28 20:16:34,399 - INFO -   Epoch 2/3: task_loss=0.1821, ewc_loss=0.0110
2026-02-28 20:17:06,671 - INFO -   Epoch 3/3: task_loss=0.0699, ewc_loss=0.0112
2026-02-28 20:17:06,672 - INFO -   Computing Fisher information for task 'sst2' (500 samples)...
2026-02-28 20:17:10,019 - INFO -   Fisher computation complete. Tasks seen: ['rte', 'mrpc', 'cola', 'sst2']
2026-02-28 20:17:10,020 - INFO -   Evaluating on all tasks seen so far:
2026-02-28 20:17:14,704 - INFO -     rte: 0.4585 (Initial: 0.6137, Forgot: 0.1552)
2026-02-28 20:17:20,620 - INFO -     mrpc: 0.6936 (Initial: 0.8382, Forgot: 0.1446)
2026-02-28 20:17:35,520 - INFO -     cola: 0.6242 (Initial: 0.8217, Forgot: 0.1975)
2026-02-28 20:17:47,154 - INFO -     sst2: 0.8498 (just trained)
2026-02-28 20:17:47,179 - INFO - 
✅ Complete: Forgetting=0.1658, Acc=0.6565
2026-02-28 20:17:47,503 - INFO - 
====================================================================================================
2026-02-28 20:17:47,504 - INFO - EWC BASELINE COMPLETED! Time: 1.88h
2026-02-28 20:17:47,504 - INFO - ====================================================================================================
