2025-10-30 23:53:47,823 - 
====================================================================================================
2025-10-30 23:53:47,823 - FINAL PHASES: 8 & 11 - AUTOMATED RUN
2025-10-30 23:53:47,823 - ====================================================================================================
2025-10-30 23:53:47,824 - Start Time: 2025-10-30T23:53:47.823971
2025-10-30 23:53:47,824 - This will run Phase 8, then Phase 11 automatically
2025-10-30 23:53:47,824 - Estimated total time: 4-6 hours
2025-10-30 23:53:47,824 - Go to sleep! Check back in the morning!
2025-10-30 23:53:47,824 - ====================================================================================================

2025-10-30 23:53:47,824 - ====================================================================================================
2025-10-30 23:53:47,824 - STARTING PHASE 8: Distribution Shift
2025-10-30 23:53:47,824 - Time: 2025-10-30T23:53:47.824458
2025-10-30 23:53:47,824 - ====================================================================================================
2025-10-31 05:41:55,773 - ✅ PHASE 8: Distribution Shift COMPLETED SUCCESSFULLY!
2025-10-31 05:41:55,774 - 
🎉🎉🎉🎉🎉🎉🎉🎉🎉🎉🎉🎉🎉🎉🎉🎉🎉🎉🎉🎉🎉🎉🎉🎉🎉🎉🎉🎉🎉🎉🎉🎉🎉🎉🎉🎉🎉🎉🎉🎉
2025-10-31 05:41:55,775 - Phase 8 done! Moving to Phase 11...
2025-10-31 05:41:55,775 - 🎉🎉🎉🎉🎉🎉🎉🎉🎉🎉🎉🎉🎉🎉🎉🎉🎉🎉🎉🎉🎉🎉🎉🎉🎉🎉🎉🎉🎉🎉🎉🎉🎉🎉🎉🎉🎉🎉🎉🎉

2025-10-31 05:41:55,775 - ====================================================================================================
2025-10-31 05:41:55,775 - STARTING PHASE 11: Continual Learning + EWC
2025-10-31 05:41:55,776 - Time: 2025-10-31T05:41:55.776165
2025-10-31 05:41:55,776 - ====================================================================================================
2025-10-31 06:21:14,999 - ✅ PHASE 11: Continual Learning + EWC COMPLETED SUCCESSFULLY!
2025-10-31 06:21:15,000 - 
🎊🎊🎊🎊🎊🎊🎊🎊🎊🎊🎊🎊🎊🎊🎊🎊🎊🎊🎊🎊🎊🎊🎊🎊🎊🎊🎊🎊🎊🎊🎊🎊🎊🎊🎊🎊🎊🎊🎊🎊
2025-10-31 06:21:15,000 - ALL PHASES COMPLETED! YOU'RE DONE!
2025-10-31 06:21:15,001 - Completion Time: 2025-10-31T06:21:15.000993
2025-10-31 06:21:15,001 - 🎊🎊🎊🎊🎊🎊🎊🎊🎊🎊🎊🎊🎊🎊🎊🎊🎊🎊🎊🎊🎊🎊🎊🎊🎊🎊🎊🎊🎊🎊🎊🎊🎊🎊🎊🎊🎊🎊🎊🎊

