2026-02-27 23:44:11,561 - INFO - ====================================================================================================
2026-02-27 23:44:11,562 - INFO - FINE-GRAINED FREEZING ABLATION: Phase Transition Characterization
2026-02-27 23:44:11,562 - INFO - ====================================================================================================
2026-02-27 23:44:11,562 - INFO - Start: 2026-02-27T23:44:11.562231
2026-02-27 23:44:12,754 - INFO - 
####################################################################################################
2026-02-27 23:44:12,755 - INFO - EXPERIMENT 1/21: freeze_10_of_12, Seed 42
2026-02-27 23:44:12,755 - INFO - ####################################################################################################
2026-02-27 23:44:12,755 - INFO - 
================================================================================
2026-02-27 23:44:12,755 - INFO - Config: freeze_10_of_12, Seed: 42
2026-02-27 23:44:12,755 - INFO - ================================================================================
2026-02-27 23:44:13,772 - INFO -   Config: freeze_10_of_12
2026-02-27 23:44:13,772 - INFO -   Description: Freeze layers 0-9, train layers 10-11 + classifier (~85% frozen)
2026-02-27 23:44:13,772 - INFO -   Trainable: 14,767,874 / 109,483,778 (13.49%)
2026-02-27 23:44:13,773 - INFO -   Frozen: 86.51%
2026-02-27 23:44:43,299 - INFO - 
--- Training Task 1/4: rte ---
2026-02-27 23:45:40,996 - INFO -   rte: 0.5596
2026-02-27 23:45:41,004 - INFO - 
--- Training Task 2/4: mrpc ---
2026-02-27 23:46:49,364 - INFO -   rte: 0.4765
2026-02-27 23:47:07,032 - INFO -   mrpc: 0.7279
2026-02-27 23:47:07,041 - INFO - 
--- Training Task 3/4: cola ---
2026-02-27 23:49:35,762 - INFO -   rte: 0.4657
2026-02-27 23:49:47,510 - INFO -   mrpc: 0.6985
2026-02-27 23:50:28,035 - INFO -   cola: 0.7680
2026-02-27 23:50:28,042 - INFO - 
--- Training Task 4/4: sst2 ---
2026-02-27 23:51:14,047 - INFO -   rte: 0.4260
2026-02-27 23:51:31,986 - INFO -   mrpc: 0.5882
2026-02-27 23:52:17,877 - INFO -   cola: 0.5657
2026-02-27 23:52:53,170 - INFO -   sst2: 0.8429
2026-02-27 23:52:53,191 - INFO - 
✅ Complete: Frozen=86.5%, Forgetting=0.1585
2026-02-27 23:52:54,497 - INFO - 
####################################################################################################
2026-02-27 23:52:54,498 - INFO - EXPERIMENT 2/21: freeze_10_of_12, Seed 43
2026-02-27 23:52:54,499 - INFO - ####################################################################################################
2026-02-27 23:52:54,499 - INFO - 
================================================================================
2026-02-27 23:52:54,499 - INFO - Config: freeze_10_of_12, Seed: 43
2026-02-27 23:52:54,499 - INFO - ================================================================================
2026-02-27 23:52:54,846 - INFO -   Config: freeze_10_of_12
2026-02-27 23:52:54,846 - INFO -   Description: Freeze layers 0-9, train layers 10-11 + classifier (~85% frozen)
2026-02-27 23:52:54,847 - INFO -   Trainable: 14,767,874 / 109,483,778 (13.49%)
2026-02-27 23:52:54,847 - INFO -   Frozen: 86.51%
2026-02-27 23:53:15,787 - INFO - 
--- Training Task 1/4: rte ---
2026-02-27 23:54:07,487 - INFO -   rte: 0.5415
2026-02-27 23:54:07,498 - INFO - 
--- Training Task 2/4: mrpc ---
2026-02-27 23:55:23,798 - INFO -   rte: 0.4729
2026-02-27 23:55:41,028 - INFO -   mrpc: 0.7206
2026-02-27 23:55:41,041 - INFO - 
--- Training Task 3/4: cola ---
2026-02-27 23:57:56,009 - INFO -   rte: 0.4585
2026-02-27 23:58:14,677 - INFO -   mrpc: 0.7010
2026-02-27 23:59:04,555 - INFO -   cola: 0.7709
2026-02-27 23:59:04,562 - INFO - 
--- Training Task 4/4: sst2 ---
2026-02-27 23:59:48,624 - INFO -   rte: 0.4549
2026-02-28 00:00:06,688 - INFO -   mrpc: 0.5833
2026-02-28 00:00:48,081 - INFO -   cola: 0.5657
2026-02-28 00:01:22,563 - INFO -   sst2: 0.8589
2026-02-28 00:01:22,572 - INFO - 
✅ Complete: Frozen=86.5%, Forgetting=0.1430
2026-02-28 00:01:22,847 - INFO - 
####################################################################################################
2026-02-28 00:01:22,848 - INFO - EXPERIMENT 3/21: freeze_10_of_12, Seed 44
2026-02-28 00:01:22,848 - INFO - ####################################################################################################
2026-02-28 00:01:22,848 - INFO - 
================================================================================
2026-02-28 00:01:22,848 - INFO - Config: freeze_10_of_12, Seed: 44
2026-02-28 00:01:22,849 - INFO - ================================================================================
2026-02-28 00:01:23,233 - INFO -   Config: freeze_10_of_12
2026-02-28 00:01:23,234 - INFO -   Description: Freeze layers 0-9, train layers 10-11 + classifier (~85% frozen)
2026-02-28 00:01:23,234 - INFO -   Trainable: 14,767,874 / 109,483,778 (13.49%)
2026-02-28 00:01:23,234 - INFO -   Frozen: 86.51%
2026-02-28 00:01:44,431 - INFO - 
--- Training Task 1/4: rte ---
2026-02-28 00:02:36,009 - INFO -   rte: 0.5415
2026-02-28 00:02:36,016 - INFO - 
--- Training Task 2/4: mrpc ---
2026-02-28 00:03:46,287 - INFO -   rte: 0.4729
2026-02-28 00:04:04,182 - INFO -   mrpc: 0.7206
2026-02-28 00:04:04,193 - INFO - 
--- Training Task 3/4: cola ---
2026-02-28 00:06:20,829 - INFO -   rte: 0.4585
2026-02-28 00:06:34,583 - INFO -   mrpc: 0.7010
2026-02-28 00:07:17,427 - INFO -   cola: 0.7709
2026-02-28 00:07:17,438 - INFO - 
--- Training Task 4/4: sst2 ---
2026-02-28 00:08:05,376 - INFO -   rte: 0.4549
2026-02-28 00:08:23,832 - INFO -   mrpc: 0.5833
2026-02-28 00:09:07,955 - INFO -   cola: 0.5657
2026-02-28 00:09:42,200 - INFO -   sst2: 0.8589
2026-02-28 00:09:42,207 - INFO - 
✅ Complete: Frozen=86.5%, Forgetting=0.1430
2026-02-28 00:09:42,393 - INFO - 
####################################################################################################
2026-02-28 00:09:42,393 - INFO - EXPERIMENT 4/21: freeze_11_of_12, Seed 42
2026-02-28 00:09:42,393 - INFO - ####################################################################################################
2026-02-28 00:09:42,393 - INFO - 
================================================================================
2026-02-28 00:09:42,393 - INFO - Config: freeze_11_of_12, Seed: 42
2026-02-28 00:09:42,393 - INFO - ================================================================================
2026-02-28 00:09:42,715 - INFO -   Config: freeze_11_of_12
2026-02-28 00:09:42,716 - INFO -   Description: Freeze layers 0-10, train layer 11 + classifier (~92% frozen)
2026-02-28 00:09:42,716 - INFO -   Trainable: 7,680,002 / 109,483,778 (7.01%)
2026-02-28 00:09:42,716 - INFO -   Frozen: 92.99%
2026-02-28 00:10:03,607 - INFO - 
--- Training Task 1/4: rte ---
2026-02-28 00:10:56,283 - INFO -   rte: 0.5704
2026-02-28 00:10:56,290 - INFO - 
--- Training Task 2/4: mrpc ---
2026-02-28 00:12:01,309 - INFO -   rte: 0.4513
2026-02-28 00:12:20,226 - INFO -   mrpc: 0.7181
2026-02-28 00:12:20,231 - INFO - 
--- Training Task 3/4: cola ---
2026-02-28 00:14:20,839 - INFO -   rte: 0.4657
2026-02-28 00:14:38,613 - INFO -   mrpc: 0.6961
2026-02-28 00:15:23,068 - INFO -   cola: 0.7603
2026-02-28 00:15:23,080 - INFO - 
--- Training Task 4/4: sst2 ---
2026-02-28 00:16:05,037 - INFO -   rte: 0.4477
2026-02-28 00:16:19,574 - INFO -   mrpc: 0.5980
2026-02-28 00:16:59,275 - INFO -   cola: 0.6059
2026-02-28 00:17:38,336 - INFO -   sst2: 0.8429
2026-02-28 00:17:38,343 - INFO - 
✅ Complete: Frozen=93.0%, Forgetting=0.1324
2026-02-28 00:17:38,585 - INFO - 
####################################################################################################
2026-02-28 00:17:38,585 - INFO - EXPERIMENT 5/21: freeze_11_of_12, Seed 43
2026-02-28 00:17:38,585 - INFO - ####################################################################################################
2026-02-28 00:17:38,586 - INFO - 
================================================================================
2026-02-28 00:17:38,586 - INFO - Config: freeze_11_of_12, Seed: 43
2026-02-28 00:17:38,586 - INFO - ================================================================================
2026-02-28 00:17:38,953 - INFO -   Config: freeze_11_of_12
2026-02-28 00:17:38,954 - INFO -   Description: Freeze layers 0-10, train layer 11 + classifier (~92% frozen)
2026-02-28 00:17:38,954 - INFO -   Trainable: 7,680,002 / 109,483,778 (7.01%)
2026-02-28 00:17:38,954 - INFO -   Frozen: 92.99%
2026-02-28 00:18:00,047 - INFO - 
--- Training Task 1/4: rte ---
2026-02-28 00:18:52,458 - INFO -   rte: 0.5704
2026-02-28 00:18:52,463 - INFO - 
--- Training Task 2/4: mrpc ---
2026-02-28 00:19:51,066 - INFO -   rte: 0.4513
2026-02-28 00:20:05,931 - INFO -   mrpc: 0.7181
2026-02-28 00:20:05,939 - INFO - 
--- Training Task 3/4: cola ---
2026-02-28 00:22:11,351 - INFO -   rte: 0.4657
2026-02-28 00:22:27,949 - INFO -   mrpc: 0.6961
2026-02-28 00:23:09,661 - INFO -   cola: 0.7603
2026-02-28 00:23:09,666 - INFO - 
--- Training Task 4/4: sst2 ---
2026-02-28 00:23:57,299 - INFO -   rte: 0.4477
2026-02-28 00:24:15,516 - INFO -   mrpc: 0.5980
2026-02-28 00:25:02,736 - INFO -   cola: 0.6059
2026-02-28 00:25:38,216 - INFO -   sst2: 0.8429
2026-02-28 00:25:38,222 - INFO - 
✅ Complete: Frozen=93.0%, Forgetting=0.1324
2026-02-28 00:25:38,446 - INFO - 
####################################################################################################
2026-02-28 00:25:38,446 - INFO - EXPERIMENT 6/21: freeze_11_of_12, Seed 44
2026-02-28 00:25:38,447 - INFO - ####################################################################################################
2026-02-28 00:25:38,447 - INFO - 
================================================================================
2026-02-28 00:25:38,447 - INFO - Config: freeze_11_of_12, Seed: 44
2026-02-28 00:25:38,447 - INFO - ================================================================================
2026-02-28 00:25:38,808 - INFO -   Config: freeze_11_of_12
2026-02-28 00:25:38,808 - INFO -   Description: Freeze layers 0-10, train layer 11 + classifier (~92% frozen)
2026-02-28 00:25:38,808 - INFO -   Trainable: 7,680,002 / 109,483,778 (7.01%)
2026-02-28 00:25:38,808 - INFO -   Frozen: 92.99%
2026-02-28 00:25:59,683 - INFO - 
--- Training Task 1/4: rte ---
2026-02-28 00:26:50,483 - INFO -   rte: 0.5704
2026-02-28 00:26:50,488 - INFO - 
--- Training Task 2/4: mrpc ---
2026-02-28 00:28:15,425 - INFO -   rte: 0.4513
2026-02-28 00:28:35,508 - INFO -   mrpc: 0.7181
2026-02-28 00:28:35,513 - INFO - 
--- Training Task 3/4: cola ---
2026-02-28 00:30:47,149 - INFO -   rte: 0.4657
2026-02-28 00:31:04,078 - INFO -   mrpc: 0.6961
2026-02-28 00:31:48,748 - INFO -   cola: 0.7603
2026-02-28 00:31:48,754 - INFO - 
--- Training Task 4/4: sst2 ---
2026-02-28 00:32:31,603 - INFO -   rte: 0.4477
2026-02-28 00:32:47,687 - INFO -   mrpc: 0.5980
2026-02-28 00:33:26,441 - INFO -   cola: 0.6059
2026-02-28 00:34:02,916 - INFO -   sst2: 0.8429
2026-02-28 00:34:02,924 - INFO - 
✅ Complete: Frozen=93.0%, Forgetting=0.1324
2026-02-28 00:34:03,205 - INFO - 
####################################################################################################
2026-02-28 00:34:03,205 - INFO - EXPERIMENT 7/21: freeze_11_partial_attn, Seed 42
2026-02-28 00:34:03,206 - INFO - ####################################################################################################
2026-02-28 00:34:03,206 - INFO - 
================================================================================
2026-02-28 00:34:03,206 - INFO - Config: freeze_11_partial_attn, Seed: 42
2026-02-28 00:34:03,206 - INFO - ================================================================================
2026-02-28 00:34:03,608 - INFO -   Config: freeze_11_partial_attn
2026-02-28 00:34:03,608 - INFO -   Description: Freeze 0-10 + attention of layer 11, train only FFN of 11 + classifier (~96% frozen)
2026-02-28 00:34:03,608 - INFO -   Trainable: 5,316,098 / 109,483,778 (4.86%)
2026-02-28 00:34:03,608 - INFO -   Frozen: 95.14%
2026-02-28 00:34:25,370 - INFO - 
--- Training Task 1/4: rte ---
2026-02-28 00:35:11,919 - INFO -   rte: 0.5740
2026-02-28 00:35:11,923 - INFO - 
--- Training Task 2/4: mrpc ---
2026-02-28 00:36:10,239 - INFO -   rte: 0.4693
2026-02-28 00:36:27,347 - INFO -   mrpc: 0.7230
2026-02-28 00:36:27,350 - INFO - 
--- Training Task 3/4: cola ---
2026-02-28 00:38:44,399 - INFO -   rte: 0.4693
2026-02-28 00:38:59,146 - INFO -   mrpc: 0.6961
2026-02-28 00:39:42,001 - INFO -   cola: 0.7478
2026-02-28 00:39:42,006 - INFO - 
--- Training Task 4/4: sst2 ---
2026-02-28 00:40:23,891 - INFO -   rte: 0.4729
2026-02-28 00:40:40,407 - INFO -   mrpc: 0.7010
2026-02-28 00:41:24,191 - INFO -   cola: 0.7162
2026-02-28 00:41:57,548 - INFO -   sst2: 0.7202
2026-02-28 00:41:57,555 - INFO - 
✅ Complete: Frozen=95.1%, Forgetting=0.0516
2026-02-28 00:41:57,837 - INFO - 
####################################################################################################
2026-02-28 00:41:57,838 - INFO - EXPERIMENT 8/21: freeze_11_partial_attn, Seed 43
2026-02-28 00:41:57,838 - INFO - ####################################################################################################
2026-02-28 00:41:57,838 - INFO - 
================================================================================
2026-02-28 00:41:57,838 - INFO - Config: freeze_11_partial_attn, Seed: 43
2026-02-28 00:41:57,839 - INFO - ================================================================================
2026-02-28 00:41:58,254 - INFO -   Config: freeze_11_partial_attn
2026-02-28 00:41:58,254 - INFO -   Description: Freeze 0-10 + attention of layer 11, train only FFN of 11 + classifier (~96% frozen)
2026-02-28 00:41:58,255 - INFO -   Trainable: 5,316,098 / 109,483,778 (4.86%)
2026-02-28 00:41:58,255 - INFO -   Frozen: 95.14%
2026-02-28 00:42:18,996 - INFO - 
--- Training Task 1/4: rte ---
2026-02-28 00:43:00,929 - INFO -   rte: 0.5740
2026-02-28 00:43:00,933 - INFO - 
--- Training Task 2/4: mrpc ---
2026-02-28 00:44:02,698 - INFO -   rte: 0.4693
2026-02-28 00:44:18,573 - INFO -   mrpc: 0.7230
2026-02-28 00:44:18,577 - INFO - 
--- Training Task 3/4: cola ---
2026-02-28 00:46:27,970 - INFO -   rte: 0.4693
2026-02-28 00:46:45,386 - INFO -   mrpc: 0.6961
2026-02-28 00:47:30,140 - INFO -   cola: 0.7478
2026-02-28 00:47:30,146 - INFO - 
--- Training Task 4/4: sst2 ---
2026-02-28 00:48:12,385 - INFO -   rte: 0.4729
2026-02-28 00:48:26,793 - INFO -   mrpc: 0.7010
2026-02-28 00:49:05,838 - INFO -   cola: 0.7162
2026-02-28 00:49:44,104 - INFO -   sst2: 0.7202
2026-02-28 00:49:44,117 - INFO - 
✅ Complete: Frozen=95.1%, Forgetting=0.0516
2026-02-28 00:49:44,984 - INFO - 
####################################################################################################
2026-02-28 00:49:44,985 - INFO - EXPERIMENT 9/21: freeze_11_partial_attn, Seed 44
2026-02-28 00:49:44,985 - INFO - ####################################################################################################
2026-02-28 00:49:44,985 - INFO - 
================================================================================
2026-02-28 00:49:44,985 - INFO - Config: freeze_11_partial_attn, Seed: 44
2026-02-28 00:49:44,985 - INFO - ================================================================================
2026-02-28 00:49:45,306 - INFO -   Config: freeze_11_partial_attn
2026-02-28 00:49:45,306 - INFO -   Description: Freeze 0-10 + attention of layer 11, train only FFN of 11 + classifier (~96% frozen)
2026-02-28 00:49:45,306 - INFO -   Trainable: 5,316,098 / 109,483,778 (4.86%)
2026-02-28 00:49:45,307 - INFO -   Frozen: 95.14%
2026-02-28 00:50:05,888 - INFO - 
--- Training Task 1/4: rte ---
2026-02-28 00:50:52,064 - INFO -   rte: 0.5740
2026-02-28 00:50:52,068 - INFO - 
--- Training Task 2/4: mrpc ---
2026-02-28 00:51:50,480 - INFO -   rte: 0.4693
2026-02-28 00:52:05,427 - INFO -   mrpc: 0.7230
2026-02-28 00:52:05,432 - INFO - 
--- Training Task 3/4: cola ---
2026-02-28 00:54:10,546 - INFO -   rte: 0.4693
2026-02-28 00:54:26,228 - INFO -   mrpc: 0.6961
2026-02-28 00:55:06,618 - INFO -   cola: 0.7478
2026-02-28 00:55:06,623 - INFO - 
--- Training Task 4/4: sst2 ---
2026-02-28 00:55:52,786 - INFO -   rte: 0.4729
2026-02-28 00:56:07,239 - INFO -   mrpc: 0.7010
2026-02-28 00:56:47,213 - INFO -   cola: 0.7162
2026-02-28 00:57:22,553 - INFO -   sst2: 0.7202
2026-02-28 00:57:22,558 - INFO - 
✅ Complete: Frozen=95.1%, Forgetting=0.0516
2026-02-28 00:57:22,747 - INFO - 
####################################################################################################
2026-02-28 00:57:22,747 - INFO - EXPERIMENT 10/21: freeze_all_12, Seed 42
2026-02-28 00:57:22,748 - INFO - ####################################################################################################
2026-02-28 00:57:22,748 - INFO - 
================================================================================
2026-02-28 00:57:22,748 - INFO - Config: freeze_all_12, Seed: 42
2026-02-28 00:57:22,748 - INFO - ================================================================================
2026-02-28 00:57:23,069 - INFO -   Config: freeze_all_12
2026-02-28 00:57:23,069 - INFO -   Description: Freeze ALL 12 layers, train ONLY classifier head (~99.99% frozen)
2026-02-28 00:57:23,069 - INFO -   Trainable: 592,130 / 109,483,778 (0.54%)
2026-02-28 00:57:23,069 - INFO -   Frozen: 99.46%
2026-02-28 00:57:43,694 - INFO - 
--- Training Task 1/4: rte ---
2026-02-28 00:58:32,025 - INFO -   rte: 0.5740
2026-02-28 00:58:32,030 - INFO - 
--- Training Task 2/4: mrpc ---
2026-02-28 00:59:35,335 - INFO -   rte: 0.4693
2026-02-28 00:59:50,785 - INFO -   mrpc: 0.6985
2026-02-28 00:59:50,789 - INFO - 
--- Training Task 3/4: cola ---
2026-02-28 01:01:41,883 - INFO -   rte: 0.4729
2026-02-28 01:01:58,952 - INFO -   mrpc: 0.6838
2026-02-28 01:02:44,554 - INFO -   cola: 0.7085
2026-02-28 01:02:44,557 - INFO - 
--- Training Task 4/4: sst2 ---
2026-02-28 01:03:23,509 - INFO -   rte: 0.4729
2026-02-28 01:03:37,593 - INFO -   mrpc: 0.6912
2026-02-28 01:04:15,828 - INFO -   cola: 0.7229
2026-02-28 01:04:53,071 - INFO -   sst2: 0.5562
2026-02-28 01:04:53,076 - INFO - 
✅ Complete: Frozen=99.5%, Forgetting=0.0314
2026-02-28 01:04:53,373 - INFO - 
####################################################################################################
2026-02-28 01:04:53,373 - INFO - EXPERIMENT 11/21: freeze_all_12, Seed 43
2026-02-28 01:04:53,373 - INFO - ####################################################################################################
2026-02-28 01:04:53,373 - INFO - 
================================================================================
2026-02-28 01:04:53,374 - INFO - Config: freeze_all_12, Seed: 43
2026-02-28 01:04:53,374 - INFO - ================================================================================
2026-02-28 01:04:53,754 - INFO -   Config: freeze_all_12
2026-02-28 01:04:53,755 - INFO -   Description: Freeze ALL 12 layers, train ONLY classifier head (~99.99% frozen)
2026-02-28 01:04:53,755 - INFO -   Trainable: 592,130 / 109,483,778 (0.54%)
2026-02-28 01:04:53,755 - INFO -   Frozen: 99.46%
2026-02-28 01:05:14,500 - INFO - 
--- Training Task 1/4: rte ---
2026-02-28 01:06:00,952 - INFO -   rte: 0.5740
2026-02-28 01:06:00,955 - INFO - 
--- Training Task 2/4: mrpc ---
2026-02-28 01:06:57,450 - INFO -   rte: 0.4693
2026-02-28 01:07:15,255 - INFO -   mrpc: 0.6985
2026-02-28 01:07:15,258 - INFO - 
--- Training Task 3/4: cola ---
2026-02-28 01:09:22,058 - INFO -   rte: 0.4729
2026-02-28 01:09:38,519 - INFO -   mrpc: 0.6838
2026-02-28 01:10:23,256 - INFO -   cola: 0.7085
2026-02-28 01:10:23,259 - INFO - 
--- Training Task 4/4: sst2 ---
2026-02-28 01:11:03,669 - INFO -   rte: 0.4729
2026-02-28 01:11:22,506 - INFO -   mrpc: 0.6912
2026-02-28 01:12:07,365 - INFO -   cola: 0.7229
2026-02-28 01:12:44,685 - INFO -   sst2: 0.5562
2026-02-28 01:12:44,697 - INFO - 
✅ Complete: Frozen=99.5%, Forgetting=0.0314
2026-02-28 01:12:45,365 - INFO - 
####################################################################################################
2026-02-28 01:12:45,365 - INFO - EXPERIMENT 12/21: freeze_all_12, Seed 44
2026-02-28 01:12:45,365 - INFO - ####################################################################################################
2026-02-28 01:12:45,365 - INFO - 
================================================================================
2026-02-28 01:12:45,365 - INFO - Config: freeze_all_12, Seed: 44
2026-02-28 01:12:45,366 - INFO - ================================================================================
2026-02-28 01:12:45,744 - INFO -   Config: freeze_all_12
2026-02-28 01:12:45,744 - INFO -   Description: Freeze ALL 12 layers, train ONLY classifier head (~99.99% frozen)
2026-02-28 01:12:45,745 - INFO -   Trainable: 592,130 / 109,483,778 (0.54%)
2026-02-28 01:12:45,745 - INFO -   Frozen: 99.46%
2026-02-28 01:13:06,446 - INFO - 
--- Training Task 1/4: rte ---
2026-02-28 01:14:03,235 - INFO -   rte: 0.5740
2026-02-28 01:14:03,239 - INFO - 
--- Training Task 2/4: mrpc ---
2026-02-28 01:15:24,906 - INFO -   rte: 0.4693
2026-02-28 01:15:42,572 - INFO -   mrpc: 0.6985
2026-02-28 01:15:42,574 - INFO - 
--- Training Task 3/4: cola ---
2026-02-28 01:17:46,409 - INFO -   rte: 0.4729
2026-02-28 01:18:04,739 - INFO -   mrpc: 0.6838
2026-02-28 01:18:48,245 - INFO -   cola: 0.7085
2026-02-28 01:18:48,248 - INFO - 
--- Training Task 4/4: sst2 ---
2026-02-28 01:19:26,527 - INFO -   rte: 0.4729
2026-02-28 01:19:42,180 - INFO -   mrpc: 0.6912
2026-02-28 01:20:24,044 - INFO -   cola: 0.7229
2026-02-28 01:21:01,037 - INFO -   sst2: 0.5562
2026-02-28 01:21:01,040 - INFO - 
✅ Complete: Frozen=99.5%, Forgetting=0.0314
2026-02-28 01:21:01,228 - INFO - 
####################################################################################################
2026-02-28 01:21:01,228 - INFO - EXPERIMENT 13/21: lora_layer_11_only, Seed 42
2026-02-28 01:21:01,228 - INFO - ####################################################################################################
2026-02-28 01:21:01,228 - INFO - 
================================================================================
2026-02-28 01:21:01,228 - INFO - Config: lora_layer_11_only, Seed: 42
2026-02-28 01:21:01,228 - INFO - ================================================================================
2026-02-28 01:21:01,754 - INFO -   Config: lora_layer_11_only
2026-02-28 01:21:01,754 - INFO -   Description: LoRA applied ONLY to layer 11 (query+value), ~99.9% frozen
2026-02-28 01:21:01,755 - INFO -   Trainable: 26,114 / 109,509,892 (0.02%)
2026-02-28 01:21:01,755 - INFO -   Frozen: 99.98%
2026-02-28 01:21:22,176 - INFO - 
--- Training Task 1/4: rte ---
2026-02-28 01:22:07,002 - INFO -   rte: 0.5560
2026-02-28 01:22:07,006 - INFO - 
--- Training Task 2/4: mrpc ---
2026-02-28 01:23:15,399 - INFO -   rte: 0.4729
2026-02-28 01:23:31,949 - INFO -   mrpc: 0.6838
2026-02-28 01:23:31,952 - INFO - 
--- Training Task 3/4: cola ---
2026-02-28 01:25:42,513 - INFO -   rte: 0.4693
2026-02-28 01:26:01,920 - INFO -   mrpc: 0.6863
2026-02-28 01:26:47,567 - INFO -   cola: 0.6913
2026-02-28 01:26:47,571 - INFO - 
--- Training Task 4/4: sst2 ---
2026-02-28 01:27:35,345 - INFO -   rte: 0.4729
2026-02-28 01:27:52,581 - INFO -   mrpc: 0.6838
2026-02-28 01:28:39,635 - INFO -   cola: 0.6913
2026-02-28 01:29:19,564 - INFO -   sst2: 0.5092
2026-02-28 01:29:19,571 - INFO - 
✅ Complete: Frozen=100.0%, Forgetting=0.0277
2026-02-28 01:29:20,882 - INFO - 
####################################################################################################
2026-02-28 01:29:20,884 - INFO - EXPERIMENT 14/21: lora_layer_11_only, Seed 43
2026-02-28 01:29:20,884 - INFO - ####################################################################################################
2026-02-28 01:29:20,884 - INFO - 
================================================================================
2026-02-28 01:29:20,884 - INFO - Config: lora_layer_11_only, Seed: 43
2026-02-28 01:29:20,884 - INFO - ================================================================================
2026-02-28 01:29:21,278 - INFO -   Config: lora_layer_11_only
2026-02-28 01:29:21,279 - INFO -   Description: LoRA applied ONLY to layer 11 (query+value), ~99.9% frozen
2026-02-28 01:29:21,279 - INFO -   Trainable: 26,114 / 109,509,892 (0.02%)
2026-02-28 01:29:21,279 - INFO -   Frozen: 99.98%
2026-02-28 01:29:43,302 - INFO - 
--- Training Task 1/4: rte ---
2026-02-28 01:30:30,967 - INFO -   rte: 0.5632
2026-02-28 01:30:30,970 - INFO - 
--- Training Task 2/4: mrpc ---
2026-02-28 01:31:32,633 - INFO -   rte: 0.4729
2026-02-28 01:31:49,178 - INFO -   mrpc: 0.6838
2026-02-28 01:31:49,183 - INFO - 
--- Training Task 3/4: cola ---
2026-02-28 01:34:02,101 - INFO -   rte: 0.4693
2026-02-28 01:34:17,174 - INFO -   mrpc: 0.6863
2026-02-28 01:34:59,135 - INFO -   cola: 0.6913
2026-02-28 01:34:59,139 - INFO - 
--- Training Task 4/4: sst2 ---
2026-02-28 01:35:47,096 - INFO -   rte: 0.4729
2026-02-28 01:36:04,656 - INFO -   mrpc: 0.6838
2026-02-28 01:36:46,845 - INFO -   cola: 0.6913
2026-02-28 01:37:23,648 - INFO -   sst2: 0.5092
2026-02-28 01:37:23,654 - INFO - 
✅ Complete: Frozen=100.0%, Forgetting=0.0301
2026-02-28 01:37:23,873 - INFO - 
####################################################################################################
2026-02-28 01:37:23,873 - INFO - EXPERIMENT 15/21: lora_layer_11_only, Seed 44
2026-02-28 01:37:23,873 - INFO - ####################################################################################################
2026-02-28 01:37:23,873 - INFO - 
================================================================================
2026-02-28 01:37:23,873 - INFO - Config: lora_layer_11_only, Seed: 44
2026-02-28 01:37:23,874 - INFO - ================================================================================
2026-02-28 01:37:24,221 - INFO -   Config: lora_layer_11_only
2026-02-28 01:37:24,222 - INFO -   Description: LoRA applied ONLY to layer 11 (query+value), ~99.9% frozen
2026-02-28 01:37:24,222 - INFO -   Trainable: 26,114 / 109,509,892 (0.02%)
2026-02-28 01:37:24,222 - INFO -   Frozen: 99.98%
2026-02-28 01:37:45,240 - INFO - 
--- Training Task 1/4: rte ---
2026-02-28 01:38:39,178 - INFO -   rte: 0.5596
2026-02-28 01:38:39,182 - INFO - 
--- Training Task 2/4: mrpc ---
2026-02-28 01:39:43,071 - INFO -   rte: 0.4729
2026-02-28 01:40:00,572 - INFO -   mrpc: 0.6838
2026-02-28 01:40:00,577 - INFO - 
--- Training Task 3/4: cola ---
2026-02-28 01:42:04,766 - INFO -   rte: 0.4693
2026-02-28 01:42:25,337 - INFO -   mrpc: 0.6863
2026-02-28 01:43:06,680 - INFO -   cola: 0.6913
2026-02-28 01:43:06,684 - INFO - 
--- Training Task 4/4: sst2 ---
2026-02-28 01:43:49,960 - INFO -   rte: 0.4729
2026-02-28 01:44:07,999 - INFO -   mrpc: 0.6838
2026-02-28 01:44:51,444 - INFO -   cola: 0.6913
2026-02-28 01:45:26,403 - INFO -   sst2: 0.5092
2026-02-28 01:45:26,409 - INFO - 
✅ Complete: Frozen=100.0%, Forgetting=0.0289
2026-02-28 01:45:26,656 - INFO - 
####################################################################################################
2026-02-28 01:45:26,656 - INFO - EXPERIMENT 16/21: lora_layers_10_11, Seed 42
2026-02-28 01:45:26,657 - INFO - ####################################################################################################
2026-02-28 01:45:26,657 - INFO - 
================================================================================
2026-02-28 01:45:26,657 - INFO - Config: lora_layers_10_11, Seed: 42
2026-02-28 01:45:26,657 - INFO - ================================================================================
2026-02-28 01:45:27,022 - INFO -   Config: lora_layers_10_11
2026-02-28 01:45:27,022 - INFO -   Description: LoRA applied to layers 10-11 (query+value), ~99.8% frozen
2026-02-28 01:45:27,023 - INFO -   Trainable: 50,690 / 109,534,468 (0.05%)
2026-02-28 01:45:27,023 - INFO -   Frozen: 99.95%
2026-02-28 01:45:47,361 - INFO - 
--- Training Task 1/4: rte ---
2026-02-28 01:46:41,798 - INFO -   rte: 0.5632
2026-02-28 01:46:41,803 - INFO - 
--- Training Task 2/4: mrpc ---
2026-02-28 01:48:00,744 - INFO -   rte: 0.4729
2026-02-28 01:48:18,935 - INFO -   mrpc: 0.6838
2026-02-28 01:48:18,943 - INFO - 
--- Training Task 3/4: cola ---
2026-02-28 01:50:38,042 - INFO -   rte: 0.4693
2026-02-28 01:50:55,711 - INFO -   mrpc: 0.6863
2026-02-28 01:51:38,780 - INFO -   cola: 0.6913
2026-02-28 01:51:38,789 - INFO - 
--- Training Task 4/4: sst2 ---
2026-02-28 01:52:30,049 - INFO -   rte: 0.4729
2026-02-28 01:52:48,980 - INFO -   mrpc: 0.6838
2026-02-28 01:53:34,082 - INFO -   cola: 0.6922
2026-02-28 01:54:09,641 - INFO -   sst2: 0.5092
2026-02-28 01:54:09,649 - INFO - 
✅ Complete: Frozen=100.0%, Forgetting=0.0298
2026-02-28 01:54:09,888 - INFO - 
####################################################################################################
2026-02-28 01:54:09,888 - INFO - EXPERIMENT 17/21: lora_layers_10_11, Seed 43
2026-02-28 01:54:09,888 - INFO - ####################################################################################################
2026-02-28 01:54:09,888 - INFO - 
================================================================================
2026-02-28 01:54:09,888 - INFO - Config: lora_layers_10_11, Seed: 43
2026-02-28 01:54:09,888 - INFO - ================================================================================
2026-02-28 01:54:10,255 - INFO -   Config: lora_layers_10_11
2026-02-28 01:54:10,255 - INFO -   Description: LoRA applied to layers 10-11 (query+value), ~99.8% frozen
2026-02-28 01:54:10,256 - INFO -   Trainable: 50,690 / 109,534,468 (0.05%)
2026-02-28 01:54:10,256 - INFO -   Frozen: 99.95%
2026-02-28 01:54:30,582 - INFO - 
--- Training Task 1/4: rte ---
2026-02-28 01:55:22,601 - INFO -   rte: 0.5632
2026-02-28 01:55:22,606 - INFO - 
--- Training Task 2/4: mrpc ---
2026-02-28 01:56:31,631 - INFO -   rte: 0.4729
2026-02-28 01:56:47,631 - INFO -   mrpc: 0.6838
2026-02-28 01:56:47,639 - INFO - 
--- Training Task 3/4: cola ---
2026-02-28 01:59:18,339 - INFO -   rte: 0.4693
2026-02-28 01:59:37,148 - INFO -   mrpc: 0.6863
2026-02-28 02:00:19,312 - INFO -   cola: 0.6913
2026-02-28 02:00:19,320 - INFO - 
--- Training Task 4/4: sst2 ---
2026-02-28 02:01:09,550 - INFO -   rte: 0.4729
2026-02-28 02:01:29,180 - INFO -   mrpc: 0.6838
2026-02-28 02:02:15,563 - INFO -   cola: 0.6932
2026-02-28 02:02:51,946 - INFO -   sst2: 0.5092
2026-02-28 02:02:51,953 - INFO - 
✅ Complete: Frozen=100.0%, Forgetting=0.0294
2026-02-28 02:02:52,168 - INFO - 
####################################################################################################
2026-02-28 02:02:52,168 - INFO - EXPERIMENT 18/21: lora_layers_10_11, Seed 44
2026-02-28 02:02:52,168 - INFO - ####################################################################################################
2026-02-28 02:02:52,168 - INFO - 
================================================================================
2026-02-28 02:02:52,168 - INFO - Config: lora_layers_10_11, Seed: 44
2026-02-28 02:02:52,168 - INFO - ================================================================================
2026-02-28 02:02:52,559 - INFO -   Config: lora_layers_10_11
2026-02-28 02:02:52,559 - INFO -   Description: LoRA applied to layers 10-11 (query+value), ~99.8% frozen
2026-02-28 02:02:52,559 - INFO -   Trainable: 50,690 / 109,534,468 (0.05%)
2026-02-28 02:02:52,560 - INFO -   Frozen: 99.95%
2026-02-28 02:03:13,119 - INFO - 
--- Training Task 1/4: rte ---
2026-02-28 02:04:02,926 - INFO -   rte: 0.5632
2026-02-28 02:04:02,932 - INFO - 
--- Training Task 2/4: mrpc ---
2026-02-28 02:05:11,602 - INFO -   rte: 0.4729
2026-02-28 02:05:28,668 - INFO -   mrpc: 0.6838
2026-02-28 02:05:28,674 - INFO - 
--- Training Task 3/4: cola ---
2026-02-28 02:07:56,778 - INFO -   rte: 0.4693
2026-02-28 02:08:12,190 - INFO -   mrpc: 0.6838
2026-02-28 02:08:59,585 - INFO -   cola: 0.6913
2026-02-28 02:08:59,591 - INFO - 
--- Training Task 4/4: sst2 ---
2026-02-28 02:09:46,111 - INFO -   rte: 0.4729
2026-02-28 02:10:03,510 - INFO -   mrpc: 0.6838
2026-02-28 02:10:47,163 - INFO -   cola: 0.6942
2026-02-28 02:11:23,575 - INFO -   sst2: 0.5092
2026-02-28 02:11:23,581 - INFO - 
✅ Complete: Frozen=100.0%, Forgetting=0.0291
2026-02-28 02:11:23,822 - INFO - 
####################################################################################################
2026-02-28 02:11:23,822 - INFO - EXPERIMENT 19/21: lora_all_layers, Seed 42
2026-02-28 02:11:23,822 - INFO - ####################################################################################################
2026-02-28 02:11:23,823 - INFO - 
================================================================================
2026-02-28 02:11:23,823 - INFO - Config: lora_all_layers, Seed: 42
2026-02-28 02:11:23,823 - INFO - ================================================================================
2026-02-28 02:11:24,232 - INFO -   Config: lora_all_layers
2026-02-28 02:11:24,233 - INFO -   Description: LoRA applied to ALL layers (query+value), ~99.7% frozen (standard LoRA)
2026-02-28 02:11:24,233 - INFO -   Trainable: 296,450 / 109,780,228 (0.27%)
2026-02-28 02:11:24,233 - INFO -   Frozen: 99.73%
2026-02-28 02:11:44,885 - INFO - 
--- Training Task 1/4: rte ---
2026-02-28 02:13:08,065 - INFO -   rte: 0.5523
2026-02-28 02:13:08,090 - INFO - 
--- Training Task 2/4: mrpc ---
2026-02-28 02:15:05,091 - INFO -   rte: 0.4729
2026-02-28 02:15:26,203 - INFO -   mrpc: 0.6838
2026-02-28 02:15:26,230 - INFO - 
--- Training Task 3/4: cola ---
2026-02-28 02:19:31,880 - INFO -   rte: 0.4657
2026-02-28 02:19:50,194 - INFO -   mrpc: 0.6863
2026-02-28 02:20:41,675 - INFO -   cola: 0.6942
2026-02-28 02:20:41,699 - INFO - 
--- Training Task 4/4: sst2 ---
2026-02-28 02:21:57,111 - INFO -   rte: 0.4657
2026-02-28 02:22:20,508 - INFO -   mrpc: 0.6814
2026-02-28 02:23:18,594 - INFO -   cola: 0.7057
2026-02-28 02:24:00,935 - INFO -   sst2: 0.5092
2026-02-28 02:24:00,961 - INFO - 
✅ Complete: Frozen=99.7%, Forgetting=0.0259
2026-02-28 02:24:01,242 - INFO - 
####################################################################################################
2026-02-28 02:24:01,243 - INFO - EXPERIMENT 20/21: lora_all_layers, Seed 43
2026-02-28 02:24:01,243 - INFO - ####################################################################################################
2026-02-28 02:24:01,243 - INFO - 
================================================================================
2026-02-28 02:24:01,244 - INFO - Config: lora_all_layers, Seed: 43
2026-02-28 02:24:01,244 - INFO - ================================================================================
2026-02-28 02:24:01,696 - INFO -   Config: lora_all_layers
2026-02-28 02:24:01,696 - INFO -   Description: LoRA applied to ALL layers (query+value), ~99.7% frozen (standard LoRA)
2026-02-28 02:24:01,697 - INFO -   Trainable: 296,450 / 109,780,228 (0.27%)
2026-02-28 02:24:01,697 - INFO -   Frozen: 99.73%
2026-02-28 02:24:23,299 - INFO - 
--- Training Task 1/4: rte ---
2026-02-28 02:25:46,635 - INFO -   rte: 0.5487
2026-02-28 02:25:46,663 - INFO - 
--- Training Task 2/4: mrpc ---
2026-02-28 02:27:50,705 - INFO -   rte: 0.4729
2026-02-28 02:28:16,398 - INFO -   mrpc: 0.6838
2026-02-28 02:28:16,432 - INFO - 
--- Training Task 3/4: cola ---
2026-02-28 02:32:37,397 - INFO -   rte: 0.4657
2026-02-28 02:32:57,533 - INFO -   mrpc: 0.6863
2026-02-28 02:33:53,029 - INFO -   cola: 0.6942
2026-02-28 02:33:53,057 - INFO - 
--- Training Task 4/4: sst2 ---
2026-02-28 02:35:11,647 - INFO -   rte: 0.4657
2026-02-28 02:35:33,134 - INFO -   mrpc: 0.6814
2026-02-28 02:36:29,873 - INFO -   cola: 0.7028
2026-02-28 02:37:16,857 - INFO -   sst2: 0.5092
2026-02-28 02:37:16,884 - INFO - 
✅ Complete: Frozen=99.7%, Forgetting=0.0256
2026-02-28 02:37:17,198 - INFO - 
####################################################################################################
2026-02-28 02:37:17,198 - INFO - EXPERIMENT 21/21: lora_all_layers, Seed 44
2026-02-28 02:37:17,199 - INFO - ####################################################################################################
2026-02-28 02:37:17,199 - INFO - 
================================================================================
2026-02-28 02:37:17,199 - INFO - Config: lora_all_layers, Seed: 44
2026-02-28 02:37:17,199 - INFO - ================================================================================
2026-02-28 02:37:17,712 - INFO -   Config: lora_all_layers
2026-02-28 02:37:17,712 - INFO -   Description: LoRA applied to ALL layers (query+value), ~99.7% frozen (standard LoRA)
2026-02-28 02:37:17,712 - INFO -   Trainable: 296,450 / 109,780,228 (0.27%)
2026-02-28 02:37:17,712 - INFO -   Frozen: 99.73%
2026-02-28 02:37:38,791 - INFO - 
--- Training Task 1/4: rte ---
2026-02-28 02:39:06,643 - INFO -   rte: 0.5523
2026-02-28 02:39:06,674 - INFO - 
--- Training Task 2/4: mrpc ---
2026-02-28 02:41:04,724 - INFO -   rte: 0.4729
2026-02-28 02:41:25,438 - INFO -   mrpc: 0.6838
2026-02-28 02:41:25,476 - INFO - 
--- Training Task 3/4: cola ---
2026-02-28 02:45:17,861 - INFO -   rte: 0.4657
2026-02-28 02:45:38,621 - INFO -   mrpc: 0.6863
2026-02-28 02:46:32,959 - INFO -   cola: 0.6942
2026-02-28 02:46:33,003 - INFO - 
--- Training Task 4/4: sst2 ---
2026-02-28 02:47:47,367 - INFO -   rte: 0.4657
2026-02-28 02:48:10,384 - INFO -   mrpc: 0.6814
2026-02-28 02:49:07,183 - INFO -   cola: 0.7076
2026-02-28 02:49:47,765 - INFO -   sst2: 0.5149
2026-02-28 02:49:47,790 - INFO - 
✅ Complete: Frozen=99.7%, Forgetting=0.0252
2026-02-28 02:49:48,033 - INFO - 
====================================================================================================
2026-02-28 02:49:48,033 - INFO - FINE-GRAINED ABLATION COMPLETED! Time: 3.09h
2026-02-28 02:49:48,033 - INFO - ====================================================================================================
