2026-03-02 12:09:59,615 - INFO - ================================================================================
2026-03-02 12:09:59,615 - INFO - VISION LORA RERUN (TaskType bug fixed)
2026-03-02 12:09:59,616 - INFO - ================================================================================
2026-03-02 12:10:00,768 - INFO -   Loaded existing Full FT seed 42
2026-03-02 12:10:00,769 - INFO -   Loaded existing Full FT seed 43
2026-03-02 12:10:00,769 - INFO -   Loaded existing Full FT seed 44
2026-03-02 12:10:00,769 - INFO - 
################################################################################
2026-03-02 12:10:00,770 - INFO - Vision LoRA: lora_seed42
2026-03-02 12:10:00,770 - INFO - ################################################################################
2026-03-02 12:10:00,770 - INFO - 
================================================================================
2026-03-02 12:10:00,770 - INFO - Vision LoRA Sequential: Seed=42
2026-03-02 12:10:00,770 - INFO - ================================================================================
2026-03-02 12:10:02,650 - INFO -   ViT LoRA: 294,912 trainable / 86,108,948 total (0.34%)
2026-03-02 12:10:24,815 - INFO -   Loaded cifar10 test: 2000 samples
2026-03-02 12:10:56,574 - INFO -   Loaded svhn test: 2000 samples
2026-03-02 12:11:25,875 - INFO -   Loaded cifar100 test: 2000 samples
2026-03-02 12:11:25,876 - INFO - 
--- Training Task 1/3: cifar10 ---
2026-03-02 12:12:12,899 - INFO -   Training samples: 5000
2026-03-02 12:16:19,308 - INFO -   Trained in 4.1 min
2026-03-02 12:17:27,221 - INFO -     cifar10: 0.0710 (just trained)
2026-03-02 12:17:27,280 - INFO - 
--- Training Task 2/3: svhn ---
2026-03-02 12:18:12,744 - INFO -   Training samples: 5000
2026-03-02 12:22:38,555 - INFO -   Trained in 4.4 min
2026-03-02 12:23:48,521 - INFO -     cifar10: 0.0845 (Forgot: -0.0135)
2026-03-02 12:24:56,159 - INFO -     svhn: 0.1395 (just trained)
2026-03-02 12:24:56,218 - INFO - 
--- Training Task 3/3: cifar100 ---
2026-03-02 12:25:37,357 - INFO -   Training samples: 5000
2026-03-02 12:29:50,767 - INFO -   Trained in 4.2 min
2026-03-02 12:31:02,783 - INFO -     cifar10: 0.0900 (Forgot: -0.0190)
2026-03-02 12:32:10,524 - INFO -     svhn: 0.1415 (Forgot: -0.0020)
2026-03-02 12:33:21,301 - INFO -     cifar100: 0.0475 (just trained)
2026-03-02 12:33:21,461 - INFO - 
✅ lora_seed42: Forgetting=-0.0105, Accuracy=0.0930
2026-03-02 12:33:21,675 - INFO - 
################################################################################
2026-03-02 12:33:21,676 - INFO - Vision LoRA: lora_seed43
2026-03-02 12:33:21,676 - INFO - ################################################################################
2026-03-02 12:33:21,676 - INFO - 
================================================================================
2026-03-02 12:33:21,676 - INFO - Vision LoRA Sequential: Seed=43
2026-03-02 12:33:21,676 - INFO - ================================================================================
2026-03-02 12:33:23,384 - INFO -   ViT LoRA: 294,912 trainable / 86,108,948 total (0.34%)
2026-03-02 12:33:42,797 - INFO -   Loaded cifar10 test: 2000 samples
2026-03-02 12:34:04,988 - INFO -   Loaded svhn test: 2000 samples
2026-03-02 12:34:24,716 - INFO -   Loaded cifar100 test: 2000 samples
2026-03-02 12:34:24,716 - INFO - 
--- Training Task 1/3: cifar10 ---
2026-03-02 12:35:08,959 - INFO -   Training samples: 5000
2026-03-02 12:39:14,462 - INFO -   Trained in 4.1 min
2026-03-02 12:40:22,783 - INFO -     cifar10: 0.1020 (just trained)
2026-03-02 12:40:22,842 - INFO - 
--- Training Task 2/3: svhn ---
2026-03-02 12:40:29,671 - INFO -   Training samples: 5000
2026-03-02 12:44:41,412 - INFO -   Trained in 4.2 min
2026-03-02 12:45:50,180 - INFO -     cifar10: 0.1365 (Forgot: -0.0345)
2026-03-02 12:47:01,108 - INFO -     svhn: 0.1965 (just trained)
2026-03-02 12:47:01,167 - INFO - 
--- Training Task 3/3: cifar100 ---
2026-03-02 12:47:06,837 - INFO -   Training samples: 5000
2026-03-02 12:51:13,032 - INFO -   Trained in 4.1 min
2026-03-02 12:52:21,628 - INFO -     cifar10: 0.1370 (Forgot: -0.0350)
2026-03-02 12:53:28,587 - INFO -     svhn: 0.1945 (Forgot: 0.0020)
2026-03-02 12:54:36,480 - INFO -     cifar100: 0.0515 (just trained)
2026-03-02 12:54:36,625 - INFO - 
✅ lora_seed43: Forgetting=-0.0165, Accuracy=0.1277
2026-03-02 12:54:36,842 - INFO - 
################################################################################
2026-03-02 12:54:36,843 - INFO - Vision LoRA: lora_seed44
2026-03-02 12:54:36,843 - INFO - ################################################################################
2026-03-02 12:54:36,843 - INFO - 
================================================================================
2026-03-02 12:54:36,843 - INFO - Vision LoRA Sequential: Seed=44
2026-03-02 12:54:36,843 - INFO - ================================================================================
2026-03-02 12:54:38,673 - INFO -   ViT LoRA: 294,912 trainable / 86,108,948 total (0.34%)
2026-03-02 12:54:56,262 - INFO -   Loaded cifar10 test: 2000 samples
2026-03-02 12:55:17,163 - INFO -   Loaded svhn test: 2000 samples
2026-03-02 12:55:37,026 - INFO -   Loaded cifar100 test: 2000 samples
2026-03-02 12:55:37,027 - INFO - 
--- Training Task 1/3: cifar10 ---
2026-03-02 12:56:22,012 - INFO -   Training samples: 5000
2026-03-02 13:00:30,167 - INFO -   Trained in 4.1 min
2026-03-02 13:01:38,048 - INFO -     cifar10: 0.1310 (just trained)
2026-03-02 13:01:38,109 - INFO - 
--- Training Task 2/3: svhn ---
2026-03-02 13:01:45,344 - INFO -   Training samples: 5000
2026-03-02 13:05:52,031 - INFO -   Trained in 4.1 min
2026-03-02 13:07:00,567 - INFO -     cifar10: 0.1635 (Forgot: -0.0325)
2026-03-02 13:08:08,433 - INFO -     svhn: 0.1645 (just trained)
2026-03-02 13:08:08,493 - INFO - 
--- Training Task 3/3: cifar100 ---
2026-03-02 13:08:14,599 - INFO -   Training samples: 5000
2026-03-02 13:12:21,726 - INFO -   Trained in 4.1 min
2026-03-02 13:13:29,109 - INFO -     cifar10: 0.1655 (Forgot: -0.0345)
2026-03-02 13:14:37,440 - INFO -     svhn: 0.1625 (Forgot: 0.0020)
2026-03-02 13:15:44,563 - INFO -     cifar100: 0.0520 (just trained)
2026-03-02 13:15:44,708 - INFO - 
✅ lora_seed44: Forgetting=-0.0163, Accuracy=0.1267
